================================================================================
MONITORING OPTION2 STATIC - 75 YEARS (2026-2100)
================================================================================
Job ID: years-20251031-205646-27x359
Region: us-central1
Reform: option2 (85% SS benefit taxation)
Scoring: STATIC
================================================================================

=== CHECK #1 - 20:58:55 ===
Job State: SCHEDULED (0m 0s)
Tasks: RUNNING=5, SUCCEEDED=0
0, FAILED=0
0, PENDING=70 (Total: 75)
Results: None yet
./monitor_option2_static.sh: line 84: [: 0
0: integer expression expected

=== CHECK #2 - 21:00:00 ===
Job State: RUNNING (1m 37s)
Tasks: RUNNING=75, SUCCEEDED=0
0, FAILED=0
0, PENDING=0
0 (Total: 75)
Results: None yet
./monitor_option2_static.sh: line 84: [: 0
0: integer expression expected

=== CHECK #3 - 21:01:05 ===
Job State: RUNNING (2m 42s)
Tasks: RUNNING=75, SUCCEEDED=0
0, FAILED=0
0, PENDING=0
0 (Total: 75)
Results: None yet
./monitor_option2_static.sh: line 84: [: 0
0: integer expression expected

=== CHECK #4 - 21:02:11 ===
Job State: RUNNING (3m 48s)
Tasks: RUNNING=75, SUCCEEDED=0
0, FAILED=0
0, PENDING=0
0 (Total: 75)
Results: None yet
./monitor_option2_static.sh: line 84: [: 0
0: integer expression expected

=== CHECK #5 - 21:03:16 ===
Job State: RUNNING (4m 53s)
Tasks: RUNNING=75, SUCCEEDED=0
0, FAILED=0
0, PENDING=0
0 (Total: 75)
Results: None yet
./monitor_option2_static.sh: line 84: [: 0
0: integer expression expected

=== CHECK #6 - 21:04:21 ===
Job State: RUNNING (5m 58s)
Tasks: RUNNING=75, SUCCEEDED=0
0, FAILED=0
0, PENDING=0
0 (Total: 75)
Results: None yet
./monitor_option2_static.sh: line 84: [: 0
0: integer expression expected

=== CHECK #7 - 21:05:27 ===
Job State: RUNNING (7m 4s)
Tasks: RUNNING=75, SUCCEEDED=0
0, FAILED=0
0, PENDING=0
0 (Total: 75)
Results: None yet
./monitor_option2_static.sh: line 84: [: 0
0: integer expression expected

=== CHECK #8 - 21:06:33 ===
Job State: RUNNING (8m 10s)
Tasks: RUNNING=75, SUCCEEDED=0
0, FAILED=0
0, PENDING=0
0 (Total: 75)
Results: None yet
./monitor_option2_static.sh: line 84: [: 0
0: integer expression expected

=== CHECK #9 - 21:07:38 ===
Job State: RUNNING (9m 15s)
Tasks: RUNNING=75, SUCCEEDED=0
0, FAILED=0
0, PENDING=0
0 (Total: 75)
Results: None yet
./monitor_option2_static.sh: line 84: [: 0
0: integer expression expected

=== CHECK #10 - 21:08:44 ===
Job State: RUNNING (10m 21s)
Tasks: RUNNING=74, SUCCEEDED=0
0, FAILED=0
0, PENDING=1 (Total: 75)
Results: None yet
./monitor_option2_static.sh: line 84: [: 0
0: integer expression expected

=== CHECK #11 - 21:09:49 ===
Job State: DELETION_IN_PROGRESS (11m 26s)
Tasks: RUNNING=74, SUCCEEDED=0
0, FAILED=0
0, PENDING=1 (Total: 75)
Results: None yet
./monitor_option2_static.sh: line 84: [: 0
0: integer expression expected

=== CHECK #12 - 21:10:54 ===
Job State: DELETION_IN_PROGRESS (12m 31s)
Tasks: RUNNING=74, SUCCEEDED=0
0, FAILED=0
0, PENDING=1 (Total: 75)
Results: None yet
./monitor_option2_static.sh: line 84: [: 0
0: integer expression expected

=== CHECK #13 - 21:12:00 ===
Job State: 
Tasks: RUNNING=0
0, SUCCEEDED=0
0, FAILED=0
0, PENDING=0
0 (Total: 75)
Results: None yet
./monitor_option2_static.sh: line 84: [: 0
0: integer expression expected

=== CHECK #14 - 21:13:06 ===
Job State: 
Tasks: RUNNING=0
0, SUCCEEDED=0
0, FAILED=0
0, PENDING=0
0 (Total: 75)
Results: None yet
./monitor_option2_static.sh: line 84: [: 0
0: integer expression expected

=== CHECK #15 - 21:14:11 ===
Job State: 
Tasks: RUNNING=0
0, SUCCEEDED=0
0, FAILED=0
0, PENDING=0
0 (Total: 75)
Results: None yet
./monitor_option2_static.sh: line 84: [: 0
0: integer expression expected

=== CHECK #16 - 21:15:16 ===
Job State: 
Tasks: RUNNING=0
0, SUCCEEDED=0
0, FAILED=0
0, PENDING=0
0 (Total: 75)
Results: None yet
./monitor_option2_static.sh: line 84: [: 0
0: integer expression expected

=== CHECK #17 - 21:16:21 ===
Job State: 
Tasks: RUNNING=0
0, SUCCEEDED=0
0, FAILED=0
0, PENDING=0
0 (Total: 75)
Results: None yet
./monitor_option2_static.sh: line 84: [: 0
0: integer expression expected

=== CHECK #18 - 21:17:27 ===
Job State: 
Tasks: RUNNING=0
0, SUCCEEDED=0
0, FAILED=0
0, PENDING=0
0 (Total: 75)
Results: None yet
./monitor_option2_static.sh: line 84: [: 0
0: integer expression expected

=== CHECK #19 - 21:18:32 ===
Job State: 
Tasks: RUNNING=0
0, SUCCEEDED=0
0, FAILED=0
0, PENDING=0
0 (Total: 75)
Results: None yet
./monitor_option2_static.sh: line 84: [: 0
0: integer expression expected

=== CHECK #20 - 21:19:38 ===
Job State: 
Tasks: RUNNING=0
0, SUCCEEDED=0
0, FAILED=0
0, PENDING=0
0 (Total: 75)
Results: None yet
./monitor_option2_static.sh: line 84: [: 0
0: integer expression expected

=== CHECK #21 - 21:20:44 ===
Job State: 
Tasks: RUNNING=0
0, SUCCEEDED=0
0, FAILED=0
0, PENDING=0
0 (Total: 75)
Results: None yet
./monitor_option2_static.sh: line 84: [: 0
0: integer expression expected

=== CHECK #22 - 21:21:49 ===
Job State: 
Tasks: RUNNING=0
0, SUCCEEDED=0
0, FAILED=0
0, PENDING=0
0 (Total: 75)
Results: None yet
./monitor_option2_static.sh: line 84: [: 0
0: integer expression expected

=== CHECK #23 - 21:22:54 ===
Job State: 
Tasks: RUNNING=0
0, SUCCEEDED=0
0, FAILED=0
0, PENDING=0
0 (Total: 75)
Results: None yet
./monitor_option2_static.sh: line 84: [: 0
0: integer expression expected

=== CHECK #24 - 21:23:59 ===
Job State: 
Tasks: RUNNING=0
0, SUCCEEDED=0
0, FAILED=0
0, PENDING=0
0 (Total: 75)
Results: None yet
./monitor_option2_static.sh: line 84: [: 0
0: integer expression expected

=== CHECK #25 - 21:25:04 ===
Job State: 
Tasks: RUNNING=0
0, SUCCEEDED=0
0, FAILED=0
0, PENDING=0
0 (Total: 75)
Results: None yet
./monitor_option2_static.sh: line 84: [: 0
0: integer expression expected

=== CHECK #26 - 21:26:08 ===
Job State: 
Tasks: RUNNING=0
0, SUCCEEDED=0
0, FAILED=0
0, PENDING=0
0 (Total: 75)
Results: None yet
./monitor_option2_static.sh: line 84: [: 0
0: integer expression expected

=== CHECK #27 - 21:27:13 ===
Job State: 
Tasks: RUNNING=0
0, SUCCEEDED=0
0, FAILED=0
0, PENDING=0
0 (Total: 75)
Results: None yet
./monitor_option2_static.sh: line 84: [: 0
0: integer expression expected

=== CHECK #28 - 21:28:18 ===
Job State: 
Tasks: RUNNING=0
0, SUCCEEDED=0
0, FAILED=0
0, PENDING=0
0 (Total: 75)
Results: None yet
./monitor_option2_static.sh: line 84: [: 0
0: integer expression expected

=== CHECK #29 - 21:29:23 ===
Job State: 
Tasks: RUNNING=0
0, SUCCEEDED=0
0, FAILED=0
0, PENDING=0
0 (Total: 75)
Results: None yet
./monitor_option2_static.sh: line 84: [: 0
0: integer expression expected

=== CHECK #30 - 21:30:27 ===
Job State: 
Tasks: RUNNING=0
0, SUCCEEDED=0
0, FAILED=0
0, PENDING=0
0 (Total: 75)
Results: None yet
./monitor_option2_static.sh: line 84: [: 0
0: integer expression expected

=== CHECK #31 - 21:31:33 ===
Job State: 
Tasks: RUNNING=0
0, SUCCEEDED=0
0, FAILED=0
0, PENDING=0
0 (Total: 75)
Results: None yet
./monitor_option2_static.sh: line 84: [: 0
0: integer expression expected

=== CHECK #32 - 21:32:43 ===
Job State: 
Tasks: RUNNING=0
0, SUCCEEDED=0
0, FAILED=0
0, PENDING=0
0 (Total: 75)
Results: None yet
./monitor_option2_static.sh: line 84: [: 0
0: integer expression expected

=== CHECK #33 - 21:33:47 ===
Job State: 
Tasks: RUNNING=0
0, SUCCEEDED=0
0, FAILED=0
0, PENDING=0
0 (Total: 75)
Results: None yet
./monitor_option2_static.sh: line 84: [: 0
0: integer expression expected

=== CHECK #34 - 21:34:53 ===
Job State: 
Tasks: RUNNING=0
0, SUCCEEDED=0
0, FAILED=0
0, PENDING=0
0 (Total: 75)
Results: None yet
./monitor_option2_static.sh: line 84: [: 0
0: integer expression expected

=== CHECK #35 - 21:35:58 ===
Job State: 
Tasks: RUNNING=0
0, SUCCEEDED=0
0, FAILED=0
0, PENDING=0
0 (Total: 75)
Results: None yet
./monitor_option2_static.sh: line 84: [: 0
0: integer expression expected

=== CHECK #36 - 21:37:03 ===
Job State: 
Tasks: RUNNING=0
0, SUCCEEDED=0
0, FAILED=0
0, PENDING=0
0 (Total: 75)
Results: None yet
./monitor_option2_static.sh: line 84: [: 0
0: integer expression expected

=== CHECK #37 - 21:38:09 ===
Job State: 
Tasks: RUNNING=0
0, SUCCEEDED=0
0, FAILED=0
0, PENDING=0
0 (Total: 75)
Results: None yet
./monitor_option2_static.sh: line 84: [: 0
0: integer expression expected

=== CHECK #38 - 21:39:14 ===
Job State: 
Tasks: RUNNING=0
0, SUCCEEDED=0
0, FAILED=0
0, PENDING=0
0 (Total: 75)
Results: None yet
./monitor_option2_static.sh: line 84: [: 0
0: integer expression expected

=== CHECK #39 - 21:40:19 ===
Job State: 
Tasks: RUNNING=0
0, SUCCEEDED=0
0, FAILED=0
0, PENDING=0
0 (Total: 75)
Results: None yet
./monitor_option2_static.sh: line 84: [: 0
0: integer expression expected

=== CHECK #40 - 21:41:24 ===
Job State: 
Tasks: RUNNING=0
0, SUCCEEDED=0
0, FAILED=0
0, PENDING=0
0 (Total: 75)
Results: None yet
./monitor_option2_static.sh: line 84: [: 0
0: integer expression expected

=== CHECK #41 - 21:42:29 ===
Job State: 
Tasks: RUNNING=0
0, SUCCEEDED=0
0, FAILED=0
0, PENDING=0
0 (Total: 75)
Results: None yet
./monitor_option2_static.sh: line 84: [: 0
0: integer expression expected

=== CHECK #42 - 21:43:34 ===
Job State: 
Tasks: RUNNING=0
0, SUCCEEDED=0
0, FAILED=0
0, PENDING=0
0 (Total: 75)
Results: None yet
./monitor_option2_static.sh: line 84: [: 0
0: integer expression expected

=== CHECK #43 - 21:44:39 ===
Job State: 
Tasks: RUNNING=0
0, SUCCEEDED=0
0, FAILED=0
0, PENDING=0
0 (Total: 75)
Results: None yet
./monitor_option2_static.sh: line 84: [: 0
0: integer expression expected

=== CHECK #44 - 21:45:44 ===
Job State: 
Tasks: RUNNING=0
0, SUCCEEDED=0
0, FAILED=0
0, PENDING=0
0 (Total: 75)
Results: None yet
./monitor_option2_static.sh: line 84: [: 0
0: integer expression expected

=== CHECK #45 - 21:46:49 ===
Job State: 
Tasks: RUNNING=0
0, SUCCEEDED=0
0, FAILED=0
0, PENDING=0
0 (Total: 75)
Results: None yet
./monitor_option2_static.sh: line 84: [: 0
0: integer expression expected

=== CHECK #46 - 21:47:54 ===
Job State: 
Tasks: RUNNING=0
0, SUCCEEDED=0
0, FAILED=0
0, PENDING=0
0 (Total: 75)
Results: None yet
./monitor_option2_static.sh: line 84: [: 0
0: integer expression expected

=== CHECK #47 - 21:49:00 ===
Job State: 
Tasks: RUNNING=0
0, SUCCEEDED=0
0, FAILED=0
0, PENDING=0
0 (Total: 75)
Results: None yet
./monitor_option2_static.sh: line 84: [: 0
0: integer expression expected

=== CHECK #48 - 21:50:05 ===
Job State: 
Tasks: RUNNING=0
0, SUCCEEDED=0
0, FAILED=0
0, PENDING=0
0 (Total: 75)
Results: None yet
./monitor_option2_static.sh: line 84: [: 0
0: integer expression expected

=== CHECK #49 - 21:51:11 ===
Job State: 
Tasks: RUNNING=0
0, SUCCEEDED=0
0, FAILED=0
0, PENDING=0
0 (Total: 75)
Results: None yet
./monitor_option2_static.sh: line 84: [: 0
0: integer expression expected

=== CHECK #50 - 21:52:16 ===
Job State: 
Tasks: RUNNING=0
0, SUCCEEDED=0
0, FAILED=0
0, PENDING=0
0 (Total: 75)
Results: None yet
./monitor_option2_static.sh: line 84: [: 0
0: integer expression expected

=== CHECK #51 - 21:53:21 ===
Job State: 
Tasks: RUNNING=0
0, SUCCEEDED=0
0, FAILED=0
0, PENDING=0
0 (Total: 75)
Results: None yet
./monitor_option2_static.sh: line 84: [: 0
0: integer expression expected

=== CHECK #52 - 21:54:26 ===
Job State: 
Tasks: RUNNING=0
0, SUCCEEDED=0
0, FAILED=0
0, PENDING=0
0 (Total: 75)
Results: None yet
./monitor_option2_static.sh: line 84: [: 0
0: integer expression expected

=== CHECK #53 - 21:55:31 ===
Job State: 
Tasks: RUNNING=0
0, SUCCEEDED=0
0, FAILED=0
0, PENDING=0
0 (Total: 75)
Results: None yet
./monitor_option2_static.sh: line 84: [: 0
0: integer expression expected

=== CHECK #54 - 21:56:36 ===
Job State: 
Tasks: RUNNING=0
0, SUCCEEDED=0
0, FAILED=0
0, PENDING=0
0 (Total: 75)
Results: None yet
./monitor_option2_static.sh: line 84: [: 0
0: integer expression expected

=== CHECK #55 - 21:57:41 ===
Job State: 
Tasks: RUNNING=0
0, SUCCEEDED=0
0, FAILED=0
0, PENDING=0
0 (Total: 75)
Results: None yet
./monitor_option2_static.sh: line 84: [: 0
0: integer expression expected

=== CHECK #56 - 21:58:46 ===
Job State: 
Tasks: RUNNING=0
0, SUCCEEDED=0
0, FAILED=0
0, PENDING=0
0 (Total: 75)
Results: None yet
./monitor_option2_static.sh: line 84: [: 0
0: integer expression expected

=== CHECK #57 - 21:59:51 ===
Job State: 
Tasks: RUNNING=0
0, SUCCEEDED=0
0, FAILED=0
0, PENDING=0
0 (Total: 75)
Results: None yet
./monitor_option2_static.sh: line 84: [: 0
0: integer expression expected

=== CHECK #58 - 22:00:56 ===
