================================================================================
MONITORING OPTION6 STATIC - 75 YEARS (2026-2100)
================================================================================
Job ID: years-20251031-215747-o2tabj
Region: us-central1
Reform: option6
Scoring: STATIC
================================================================================

=== CHECK #1 - 22:02:57 ===
Job State: RUNNING (3m 35s)
Tasks: RUNNING=75, SUCCEEDED=0
0, FAILED=0
0, PENDING=0
0 (Total: 75)
Results: None yet
./monitor_option6_static.sh: line 84: [: 0
0: integer expression expected

=== CHECK #2 - 22:04:03 ===
Job State: RUNNING (4m 40s)
Tasks: RUNNING=75, SUCCEEDED=0
0, FAILED=0
0, PENDING=0
0 (Total: 75)
Results: None yet
./monitor_option6_static.sh: line 84: [: 0
0: integer expression expected

=== CHECK #3 - 22:05:08 ===
Job State: RUNNING (5m 45s)
Tasks: RUNNING=75, SUCCEEDED=0
0, FAILED=0
0, PENDING=0
0 (Total: 75)
Results: None yet
./monitor_option6_static.sh: line 84: [: 0
0: integer expression expected

=== CHECK #4 - 22:06:13 ===
Job State: RUNNING (6m 51s)
Tasks: RUNNING=75, SUCCEEDED=0
0, FAILED=0
0, PENDING=0
0 (Total: 75)
Results: None yet
./monitor_option6_static.sh: line 84: [: 0
0: integer expression expected

=== CHECK #5 - 22:07:20 ===
Job State: RUNNING (7m 57s)
Tasks: RUNNING=75, SUCCEEDED=0
0, FAILED=0
0, PENDING=0
0 (Total: 75)
Results: None yet
./monitor_option6_static.sh: line 84: [: 0
0: integer expression expected

=== CHECK #6 - 22:08:25 ===
Job State: RUNNING (9m 2s)
Tasks: RUNNING=75, SUCCEEDED=0
0, FAILED=0
0, PENDING=0
0 (Total: 75)
Results: None yet
./monitor_option6_static.sh: line 84: [: 0
0: integer expression expected

=== CHECK #7 - 22:09:30 ===
Job State: RUNNING (10m 8s)
Tasks: RUNNING=75, SUCCEEDED=0
0, FAILED=0
0, PENDING=0
0 (Total: 75)
Results: None yet
./monitor_option6_static.sh: line 84: [: 0
0: integer expression expected

=== CHECK #8 - 22:10:35 ===
Job State: RUNNING (11m 13s)
Tasks: RUNNING=74, SUCCEEDED=0
0, FAILED=0
0, PENDING=1 (Total: 75)
Results: None yet
./monitor_option6_static.sh: line 84: [: 0
0: integer expression expected

=== CHECK #9 - 22:11:40 ===
Job State: RUNNING (12m 18s)
Tasks: RUNNING=74, SUCCEEDED=0
0, FAILED=0
0, PENDING=1 (Total: 75)
Results: None yet
./monitor_option6_static.sh: line 84: [: 0
0: integer expression expected

=== CHECK #10 - 22:12:45 ===
Job State: RUNNING (13m 23s)
Tasks: RUNNING=75, SUCCEEDED=0
0, FAILED=0
0, PENDING=0
0 (Total: 75)
Results: None yet
./monitor_option6_static.sh: line 84: [: 0
0: integer expression expected

=== CHECK #11 - 22:13:50 ===
Job State: RUNNING (14m 28s)
Tasks: RUNNING=75, SUCCEEDED=0
0, FAILED=0
0, PENDING=0
0 (Total: 75)
Results: None yet
./monitor_option6_static.sh: line 84: [: 0
0: integer expression expected

=== CHECK #12 - 22:14:55 ===
Job State: RUNNING (15m 33s)
Tasks: RUNNING=75, SUCCEEDED=0
0, FAILED=0
0, PENDING=0
0 (Total: 75)
Results: None yet
./monitor_option6_static.sh: line 84: [: 0
0: integer expression expected

=== CHECK #13 - 22:16:00 ===
Job State: RUNNING (16m 37s)
Tasks: RUNNING=57, SUCCEEDED=18, FAILED=0
0, PENDING=0
0 (Total: 75)
Results: 29/75 years completed
Years: 2032-2099
Cumulative 10-year impact (2026-2035): $+488.68B
Total impact so far: $-2725.86B
./monitor_option6_static.sh: line 84: [: 0
0: integer expression expected

=== CHECK #14 - 22:17:07 ===
Job State: RUNNING (17m 44s)
Tasks: RUNNING=14, SUCCEEDED=61, FAILED=0
0, PENDING=0
0 (Total: 75)
Results: 64/75 years completed
Years: 2028-2100
Cumulative 10-year impact (2026-2035): $+938.18B
Total impact so far: $-5522.16B
./monitor_option6_static.sh: line 84: [: 0
0: integer expression expected

=== CHECK #15 - 22:18:16 ===
Job State: RUNNING (18m 53s)
Tasks: RUNNING=3, SUCCEEDED=72, FAILED=0
0, PENDING=0
0 (Total: 75)
Results: 72/75 years completed
Years: 2028-2100
Cumulative 10-year impact (2026-2035): $+1045.46B
Total impact so far: $-6345.14B
./monitor_option6_static.sh: line 84: [: 0
0: integer expression expected

=== CHECK #16 - 22:19:25 ===
Job State: RUNNING (20m 3s)
Tasks: RUNNING=2, SUCCEEDED=73, FAILED=0
0, PENDING=0
0 (Total: 75)
Results: 73/75 years completed
Years: 2028-2100
Cumulative 10-year impact (2026-2035): $+1045.46B
Total impact so far: $-6649.47B
./monitor_option6_static.sh: line 84: [: 0
0: integer expression expected

=== CHECK #17 - 22:20:35 ===
Job State: DELETION_IN_PROGRESS (21m 13s)
Tasks: RUNNING=2, SUCCEEDED=73, FAILED=0
0, PENDING=0
0 (Total: 75)
Results: 73/75 years completed
Years: 2028-2100
Cumulative 10-year impact (2026-2035): $+1045.46B
Total impact so far: $-6649.47B
./monitor_option6_static.sh: line 84: [: 0
0: integer expression expected

=== CHECK #18 - 22:21:45 ===
Job State: DELETION_IN_PROGRESS (22m 23s)
Tasks: RUNNING=2, SUCCEEDED=73, FAILED=0
0, PENDING=0
0 (Total: 75)
Results: 73/75 years completed
Years: 2028-2100
Cumulative 10-year impact (2026-2035): $+1045.46B
Total impact so far: $-6649.47B
./monitor_option6_static.sh: line 84: [: 0
0: integer expression expected

=== CHECK #19 - 22:22:56 ===
Job State: 
Tasks: RUNNING=0
0, SUCCEEDED=0
0, FAILED=0
0, PENDING=0
0 (Total: 75)
Results: 73/75 years completed
Years: 2028-2100
Cumulative 10-year impact (2026-2035): $+1045.46B
Total impact so far: $-6649.47B
./monitor_option6_static.sh: line 84: [: 0
0: integer expression expected

=== CHECK #20 - 22:24:05 ===
Job State: 
Tasks: RUNNING=0
0, SUCCEEDED=0
0, FAILED=0
0, PENDING=0
0 (Total: 75)
Results: 73/75 years completed
Years: 2028-2100
Cumulative 10-year impact (2026-2035): $+1045.46B
Total impact so far: $-6649.47B
./monitor_option6_static.sh: line 84: [: 0
0: integer expression expected

=== CHECK #21 - 22:25:16 ===
Job State: 
Tasks: RUNNING=0
0, SUCCEEDED=0
0, FAILED=0
0, PENDING=0
0 (Total: 75)
Results: 73/75 years completed
Years: 2028-2100
Cumulative 10-year impact (2026-2035): $+1045.46B
Total impact so far: $-6649.47B
./monitor_option6_static.sh: line 84: [: 0
0: integer expression expected

=== CHECK #22 - 22:26:25 ===
Job State: 
Tasks: RUNNING=0
0, SUCCEEDED=0
0, FAILED=0
0, PENDING=0
0 (Total: 75)
Results: 73/75 years completed
Years: 2028-2100
Cumulative 10-year impact (2026-2035): $+1045.46B
Total impact so far: $-6649.47B
./monitor_option6_static.sh: line 84: [: 0
0: integer expression expected

