================================================================================
MONITORING OPTION6 DYNAMIC - 75 YEARS (2026-2100)
================================================================================
Job ID: years-20251031-213359-7q6y2h
Region: us-central1
Reform: option6
Scoring: DYNAMIC (with CBO labor supply elasticities)
================================================================================

=== CHECK #1 - 21:34:15 ===
Job State: SCHEDULED (0m 0s)
Tasks: RUNNING=0
0, SUCCEEDED=0
0, FAILED=0
0, PENDING=75 (Total: 75)
Results: None yet
./monitor_option6_dynamic.sh: line 84: [: 0
0: integer expression expected

=== CHECK #2 - 21:35:20 ===
Job State: SCHEDULED (0m 0s)
Tasks: RUNNING=0
0, SUCCEEDED=0
0, FAILED=0
0, PENDING=75 (Total: 75)
Results: None yet
./monitor_option6_dynamic.sh: line 84: [: 0
0: integer expression expected

=== CHECK #3 - 21:36:26 ===
Job State: RUNNING (0m 49s)
Tasks: RUNNING=74, SUCCEEDED=0
0, FAILED=0
0, PENDING=1 (Total: 75)
Results: None yet
./monitor_option6_dynamic.sh: line 84: [: 0
0: integer expression expected

=== CHECK #4 - 21:37:31 ===
Job State: RUNNING (1m 53s)
Tasks: RUNNING=75, SUCCEEDED=0
0, FAILED=0
0, PENDING=0
0 (Total: 75)
Results: None yet
./monitor_option6_dynamic.sh: line 84: [: 0
0: integer expression expected

=== CHECK #5 - 21:38:36 ===
Job State: RUNNING (2m 58s)
Tasks: RUNNING=75, SUCCEEDED=0
0, FAILED=0
0, PENDING=0
0 (Total: 75)
Results: None yet
./monitor_option6_dynamic.sh: line 84: [: 0
0: integer expression expected

=== CHECK #6 - 21:39:41 ===
Job State: RUNNING (4m 4s)
Tasks: RUNNING=75, SUCCEEDED=0
0, FAILED=0
0, PENDING=0
0 (Total: 75)
Results: None yet
./monitor_option6_dynamic.sh: line 84: [: 0
0: integer expression expected

=== CHECK #7 - 21:40:46 ===
Job State: RUNNING (5m 9s)
Tasks: RUNNING=75, SUCCEEDED=0
0, FAILED=0
0, PENDING=0
0 (Total: 75)
Results: None yet
./monitor_option6_dynamic.sh: line 84: [: 0
0: integer expression expected

=== CHECK #8 - 21:41:51 ===
Job State: RUNNING (6m 14s)
Tasks: RUNNING=75, SUCCEEDED=0
0, FAILED=0
0, PENDING=0
0 (Total: 75)
Results: None yet
./monitor_option6_dynamic.sh: line 84: [: 0
0: integer expression expected

=== CHECK #9 - 21:42:56 ===
Job State: RUNNING (7m 19s)
Tasks: RUNNING=75, SUCCEEDED=0
0, FAILED=0
0, PENDING=0
0 (Total: 75)
Results: None yet
./monitor_option6_dynamic.sh: line 84: [: 0
0: integer expression expected

=== CHECK #10 - 21:44:02 ===
Job State: RUNNING (8m 24s)
Tasks: RUNNING=75, SUCCEEDED=0
0, FAILED=0
0, PENDING=0
0 (Total: 75)
Results: None yet
./monitor_option6_dynamic.sh: line 84: [: 0
0: integer expression expected

=== CHECK #11 - 21:45:07 ===
Job State: RUNNING (9m 30s)
Tasks: RUNNING=75, SUCCEEDED=0
0, FAILED=0
0, PENDING=0
0 (Total: 75)
Results: None yet
./monitor_option6_dynamic.sh: line 84: [: 0
0: integer expression expected

=== CHECK #12 - 21:46:12 ===
Job State: RUNNING (10m 35s)
Tasks: RUNNING=73, SUCCEEDED=0
0, FAILED=0
0, PENDING=2 (Total: 75)
Results: None yet
./monitor_option6_dynamic.sh: line 84: [: 0
0: integer expression expected

=== CHECK #13 - 21:47:17 ===
Job State: RUNNING (11m 39s)
Tasks: RUNNING=75, SUCCEEDED=0
0, FAILED=0
0, PENDING=0
0 (Total: 75)
Results: None yet
./monitor_option6_dynamic.sh: line 84: [: 0
0: integer expression expected

=== CHECK #14 - 21:48:23 ===
Job State: RUNNING (12m 46s)
Tasks: RUNNING=75, SUCCEEDED=0
0, FAILED=0
0, PENDING=0
0 (Total: 75)
Results: None yet
./monitor_option6_dynamic.sh: line 84: [: 0
0: integer expression expected

=== CHECK #15 - 21:49:28 ===
Job State: RUNNING (13m 51s)
Tasks: RUNNING=75, SUCCEEDED=0
0, FAILED=0
0, PENDING=0
0 (Total: 75)
Results: None yet
./monitor_option6_dynamic.sh: line 84: [: 0
0: integer expression expected

=== CHECK #16 - 21:50:33 ===
Job State: RUNNING (14m 56s)
Tasks: RUNNING=75, SUCCEEDED=0
0, FAILED=0
0, PENDING=0
0 (Total: 75)
Results: None yet
./monitor_option6_dynamic.sh: line 84: [: 0
0: integer expression expected

=== CHECK #17 - 21:51:38 ===
Job State: RUNNING (16m 1s)
Tasks: RUNNING=73, SUCCEEDED=2, FAILED=0
0, PENDING=0
0 (Total: 75)
Results: 2/75 years completed
Years: 2041-2061
Cumulative 10-year impact (2026-2035): $+0.00B
Total impact so far: $-19.01B
./monitor_option6_dynamic.sh: line 84: [: 0
0: integer expression expected

=== CHECK #18 - 21:52:44 ===
Job State: RUNNING (17m 7s)
Tasks: RUNNING=26, SUCCEEDED=49, FAILED=0
0, PENDING=0
0 (Total: 75)
Results: 53/75 years completed
Years: 2029-2100
Cumulative 10-year impact (2026-2035): $+534.13B
Total impact so far: $-5888.88B
./monitor_option6_dynamic.sh: line 84: [: 0
0: integer expression expected

=== CHECK #19 - 21:53:53 ===
Job State: RUNNING (18m 16s)
Tasks: RUNNING=5, SUCCEEDED=70, FAILED=0
0, PENDING=0
0 (Total: 75)
Results: 71/75 years completed
Years: 2028-2100
Cumulative 10-year impact (2026-2035): $+963.56B
Total impact so far: $-7316.70B
./monitor_option6_dynamic.sh: line 84: [: 0
0: integer expression expected

=== CHECK #20 - 21:55:04 ===
Job State: RUNNING (19m 27s)
Tasks: RUNNING=2, SUCCEEDED=73, FAILED=0
0, PENDING=0
0 (Total: 75)
Results: 73/75 years completed
Years: 2028-2100
Cumulative 10-year impact (2026-2035): $+963.56B
Total impact so far: $-7312.06B
./monitor_option6_dynamic.sh: line 84: [: 0
0: integer expression expected

=== CHECK #21 - 21:56:14 ===
Job State: RUNNING (20m 37s)
Tasks: RUNNING=1, SUCCEEDED=73, FAILED=1, PENDING=0
0 (Total: 75)
Results: 73/75 years completed
Years: 2028-2100
Cumulative 10-year impact (2026-2035): $+963.56B
Total impact so far: $-7312.06B
⚠️  WARNING: 1 tasks failed

=== CHECK #22 - 21:57:25 ===
Job State: DELETION_IN_PROGRESS (20m 43s)
Tasks: RUNNING=0
0, SUCCEEDED=73, FAILED=2, PENDING=0
0 (Total: 75)
Results: 73/75 years completed
Years: 2028-2100
Cumulative 10-year impact (2026-2035): $+963.56B
Total impact so far: $-7312.06B
⚠️  WARNING: 2 tasks failed

=== CHECK #23 - 21:58:39 ===
Job State: 
Tasks: RUNNING=0
0, SUCCEEDED=0
0, FAILED=0
0, PENDING=0
0 (Total: 75)
Results: 73/75 years completed
Years: 2028-2100
Cumulative 10-year impact (2026-2035): $+963.56B
Total impact so far: $-7312.06B
./monitor_option6_dynamic.sh: line 84: [: 0
0: integer expression expected

=== CHECK #24 - 21:59:48 ===
Job State: 
Tasks: RUNNING=0
0, SUCCEEDED=0
0, FAILED=0
0, PENDING=0
0 (Total: 75)
Results: 73/75 years completed
Years: 2028-2100
Cumulative 10-year impact (2026-2035): $+963.56B
Total impact so far: $-7312.06B
./monitor_option6_dynamic.sh: line 84: [: 0
0: integer expression expected

=== CHECK #25 - 22:01:02 ===
