================================================================================
MONITORING OPTION4 DYNAMIC - 75 YEARS (2026-2100)
================================================================================
Job ID: years-20251031-211815-ysskrs
Region: us-central1
Reform: option4 (00 SS tax credit)
Scoring: DYNAMIC (with CBO labor supply elasticities)
================================================================================

=== CHECK #1 - 21:18:28 ===
Job State: SCHEDULED (0m 0s)
Tasks: RUNNING=0
0, SUCCEEDED=0
0, FAILED=0
0, PENDING=75 (Total: 75)
Results: None yet
./monitor_option4_dynamic.sh: line 84: [: 0
0: integer expression expected

=== CHECK #2 - 21:19:33 ===
Job State: SCHEDULED (0m 0s)
Tasks: RUNNING=0
0, SUCCEEDED=0
0, FAILED=0
0, PENDING=75 (Total: 75)
Results: None yet
./monitor_option4_dynamic.sh: line 84: [: 0
0: integer expression expected

=== CHECK #3 - 21:20:41 ===
Job State: RUNNING (0m 54s)
Tasks: RUNNING=74, SUCCEEDED=0
0, FAILED=0
0, PENDING=1 (Total: 75)
Results: None yet
./monitor_option4_dynamic.sh: line 84: [: 0
0: integer expression expected

=== CHECK #4 - 21:21:46 ===
Job State: RUNNING (1m 59s)
Tasks: RUNNING=75, SUCCEEDED=0
0, FAILED=0
0, PENDING=0
0 (Total: 75)
Results: None yet
./monitor_option4_dynamic.sh: line 84: [: 0
0: integer expression expected

=== CHECK #5 - 21:22:51 ===
Job State: RUNNING (3m 5s)
Tasks: RUNNING=75, SUCCEEDED=0
0, FAILED=0
0, PENDING=0
0 (Total: 75)
Results: None yet
./monitor_option4_dynamic.sh: line 84: [: 0
0: integer expression expected

=== CHECK #6 - 21:23:58 ===
Job State: RUNNING (4m 10s)
Tasks: RUNNING=75, SUCCEEDED=0
0, FAILED=0
0, PENDING=0
0 (Total: 75)
Results: None yet
./monitor_option4_dynamic.sh: line 84: [: 0
0: integer expression expected

=== CHECK #7 - 21:25:02 ===
Job State: RUNNING (5m 15s)
Tasks: RUNNING=75, SUCCEEDED=0
0, FAILED=0
0, PENDING=0
0 (Total: 75)
Results: None yet
./monitor_option4_dynamic.sh: line 84: [: 0
0: integer expression expected

=== CHECK #8 - 21:26:07 ===
Job State: RUNNING (6m 20s)
Tasks: RUNNING=75, SUCCEEDED=0
0, FAILED=0
0, PENDING=0
0 (Total: 75)
Results: None yet
./monitor_option4_dynamic.sh: line 84: [: 0
0: integer expression expected

=== CHECK #9 - 21:27:12 ===
Job State: RUNNING (7m 25s)
Tasks: RUNNING=75, SUCCEEDED=0
0, FAILED=0
0, PENDING=0
0 (Total: 75)
Results: None yet
./monitor_option4_dynamic.sh: line 84: [: 0
0: integer expression expected

=== CHECK #10 - 21:28:17 ===
Job State: RUNNING (8m 30s)
Tasks: RUNNING=75, SUCCEEDED=0
0, FAILED=0
0, PENDING=0
0 (Total: 75)
Results: None yet
./monitor_option4_dynamic.sh: line 84: [: 0
0: integer expression expected

=== CHECK #11 - 21:29:22 ===
Job State: RUNNING (9m 35s)
Tasks: RUNNING=75, SUCCEEDED=0
0, FAILED=0
0, PENDING=0
0 (Total: 75)
Results: None yet
./monitor_option4_dynamic.sh: line 84: [: 0
0: integer expression expected

=== CHECK #12 - 21:30:27 ===
Job State: RUNNING (10m 40s)
Tasks: RUNNING=74, SUCCEEDED=0
0, FAILED=0
0, PENDING=1 (Total: 75)
Results: None yet
./monitor_option4_dynamic.sh: line 84: [: 0
0: integer expression expected

=== CHECK #13 - 21:31:33 ===
Job State: RUNNING (11m 50s)
Tasks: RUNNING=75, SUCCEEDED=0
0, FAILED=0
0, PENDING=0
0 (Total: 75)
Results: None yet
./monitor_option4_dynamic.sh: line 84: [: 0
0: integer expression expected

=== CHECK #14 - 21:32:43 ===
Job State: RUNNING (12m 55s)
Tasks: RUNNING=75, SUCCEEDED=0
0, FAILED=0
0, PENDING=0
0 (Total: 75)
Results: None yet
./monitor_option4_dynamic.sh: line 84: [: 0
0: integer expression expected

=== CHECK #15 - 21:33:50 ===
Job State: RUNNING (14m 3s)
Tasks: RUNNING=75, SUCCEEDED=0
0, FAILED=0
0, PENDING=0
0 (Total: 75)
Results: None yet
./monitor_option4_dynamic.sh: line 84: [: 0
0: integer expression expected

=== CHECK #16 - 21:34:55 ===
Job State: RUNNING (15m 8s)
Tasks: RUNNING=75, SUCCEEDED=0
0, FAILED=0
0, PENDING=0
0 (Total: 75)
Results: None yet
./monitor_option4_dynamic.sh: line 84: [: 0
0: integer expression expected

=== CHECK #17 - 21:36:00 ===
Job State: RUNNING (16m 13s)
Tasks: RUNNING=75, SUCCEEDED=0
0, FAILED=0
0, PENDING=0
0 (Total: 75)
Results: None yet
./monitor_option4_dynamic.sh: line 84: [: 0
0: integer expression expected

=== CHECK #18 - 21:37:05 ===
Job State: RUNNING (17m 18s)
Tasks: RUNNING=53, SUCCEEDED=22, FAILED=0
0, PENDING=0
0 (Total: 75)
Results: 51/75 years completed
Years: 2028-2100
Cumulative 10-year impact (2026-2035): $+98.85B
Total impact so far: $+6444.97B
./monitor_option4_dynamic.sh: line 84: [: 0
0: integer expression expected

=== CHECK #19 - 21:38:14 ===
Job State: RUNNING (18m 27s)
Tasks: RUNNING=5, SUCCEEDED=70, FAILED=0
0, PENDING=0
0 (Total: 75)
Results: 71/75 years completed
Years: 2028-2100
Cumulative 10-year impact (2026-2035): $+109.69B
Total impact so far: $+8609.17B
./monitor_option4_dynamic.sh: line 84: [: 0
0: integer expression expected

=== CHECK #20 - 21:39:24 ===
Job State: RUNNING (19m 37s)
Tasks: RUNNING=2, SUCCEEDED=73, FAILED=0
0, PENDING=0
0 (Total: 75)
Results: 73/75 years completed
Years: 2028-2100
Cumulative 10-year impact (2026-2035): $+109.69B
Total impact so far: $+8805.76B
./monitor_option4_dynamic.sh: line 84: [: 0
0: integer expression expected

=== CHECK #21 - 21:40:35 ===
Job State: RUNNING (20m 48s)
Tasks: RUNNING=2, SUCCEEDED=73, FAILED=0
0, PENDING=0
0 (Total: 75)
Results: 73/75 years completed
Years: 2028-2100
Cumulative 10-year impact (2026-2035): $+109.69B
Total impact so far: $+8805.76B
./monitor_option4_dynamic.sh: line 84: [: 0
0: integer expression expected

=== CHECK #22 - 21:41:45 ===
Job State: RUNNING (21m 57s)
Tasks: RUNNING=1, SUCCEEDED=73, FAILED=1, PENDING=0
0 (Total: 75)
Results: 73/75 years completed
Years: 2028-2100
Cumulative 10-year impact (2026-2035): $+109.69B
Total impact so far: $+8805.76B
⚠️  WARNING: 1 tasks failed

=== CHECK #23 - 21:42:54 ===
Job State: FAILED (22m 7s)
Tasks: RUNNING=0
0, SUCCEEDED=73, FAILED=2, PENDING=0
0 (Total: 75)
Results: 73/75 years completed
Years: 2028-2100
Cumulative 10-year impact (2026-2035): $+109.69B
Total impact so far: $+8805.76B
⚠️  WARNING: 2 tasks failed

❌ JOB FAILED (73 succeeded, 2 failed)
Final results: results/option4_75years_dynamic/all_results.csv
