================================================================================
MONITORING OPTION8 STATIC - 75 YEARS (2026-2100)
================================================================================
Job ID: years-20251031-220622-xhmts8
Region: us-central1
Reform: option8
Scoring: STATIC
================================================================================

=== CHECK #1 - 22:06:33 ===
Job State: SCHEDULED (0m 0s)
Tasks: RUNNING=0
0, SUCCEEDED=0
0, FAILED=0
0, PENDING=75 (Total: 75)
Results: None yet
./monitor_option8_static.sh: line 84: [: 0
0: integer expression expected

=== CHECK #2 - 22:07:38 ===
Job State: SCHEDULED (0m 0s)
Tasks: RUNNING=0
0, SUCCEEDED=0
0, FAILED=0
0, PENDING=75 (Total: 75)
Results: None yet
./monitor_option8_static.sh: line 84: [: 0
0: integer expression expected

=== CHECK #3 - 22:08:43 ===
Job State: RUNNING (0m 50s)
Tasks: RUNNING=75, SUCCEEDED=0
0, FAILED=0
0, PENDING=0
0 (Total: 75)
Results: None yet
./monitor_option8_static.sh: line 84: [: 0
0: integer expression expected

=== CHECK #4 - 22:09:48 ===
Job State: RUNNING (1m 55s)
Tasks: RUNNING=75, SUCCEEDED=0
0, FAILED=0
0, PENDING=0
0 (Total: 75)
Results: None yet
./monitor_option8_static.sh: line 84: [: 0
0: integer expression expected

=== CHECK #5 - 22:10:53 ===
Job State: RUNNING (3m 0s)
Tasks: RUNNING=75, SUCCEEDED=0
0, FAILED=0
0, PENDING=0
0 (Total: 75)
Results: None yet
./monitor_option8_static.sh: line 84: [: 0
0: integer expression expected

=== CHECK #6 - 22:11:58 ===
Job State: RUNNING (4m 5s)
Tasks: RUNNING=75, SUCCEEDED=0
0, FAILED=0
0, PENDING=0
0 (Total: 75)
Results: None yet
./monitor_option8_static.sh: line 84: [: 0
0: integer expression expected

=== CHECK #7 - 22:13:02 ===
Job State: RUNNING (5m 9s)
Tasks: RUNNING=75, SUCCEEDED=0
0, FAILED=0
0, PENDING=0
0 (Total: 75)
Results: None yet
./monitor_option8_static.sh: line 84: [: 0
0: integer expression expected

=== CHECK #8 - 22:14:07 ===
Job State: RUNNING (6m 15s)
Tasks: RUNNING=75, SUCCEEDED=0
0, FAILED=0
0, PENDING=0
0 (Total: 75)
Results: None yet
./monitor_option8_static.sh: line 84: [: 0
0: integer expression expected

=== CHECK #9 - 22:15:13 ===
Job State: RUNNING (7m 19s)
Tasks: RUNNING=75, SUCCEEDED=0
0, FAILED=0
0, PENDING=0
0 (Total: 75)
Results: None yet
./monitor_option8_static.sh: line 84: [: 0
0: integer expression expected

=== CHECK #10 - 22:16:17 ===
Job State: RUNNING (8m 24s)
Tasks: RUNNING=75, SUCCEEDED=0
0, FAILED=0
0, PENDING=0
0 (Total: 75)
Results: None yet
./monitor_option8_static.sh: line 84: [: 0
0: integer expression expected

=== CHECK #11 - 22:17:23 ===
Job State: RUNNING (9m 30s)
Tasks: RUNNING=75, SUCCEEDED=0
0, FAILED=0
0, PENDING=0
0 (Total: 75)
Results: None yet
./monitor_option8_static.sh: line 84: [: 0
0: integer expression expected

=== CHECK #12 - 22:18:28 ===
Job State: RUNNING (10m 35s)
Tasks: RUNNING=75, SUCCEEDED=0
0, FAILED=0
0, PENDING=0
0 (Total: 75)
Results: None yet
./monitor_option8_static.sh: line 84: [: 0
0: integer expression expected

=== CHECK #13 - 22:19:33 ===
Job State: RUNNING (11m 40s)
Tasks: RUNNING=73, SUCCEEDED=0
0, FAILED=0
0, PENDING=2 (Total: 75)
Results: None yet
./monitor_option8_static.sh: line 84: [: 0
0: integer expression expected

=== CHECK #14 - 22:20:38 ===
Job State: RUNNING (12m 45s)
Tasks: RUNNING=75, SUCCEEDED=0
0, FAILED=0
0, PENDING=0
0 (Total: 75)
Results: None yet
./monitor_option8_static.sh: line 84: [: 0
0: integer expression expected

=== CHECK #15 - 22:21:43 ===
Job State: RUNNING (13m 50s)
Tasks: RUNNING=75, SUCCEEDED=0
0, FAILED=0
0, PENDING=0
0 (Total: 75)
Results: None yet
./monitor_option8_static.sh: line 84: [: 0
0: integer expression expected

=== CHECK #16 - 22:22:48 ===
Job State: RUNNING (14m 55s)
Tasks: RUNNING=75, SUCCEEDED=0
0, FAILED=0
0, PENDING=0
0 (Total: 75)
Results: None yet
./monitor_option8_static.sh: line 84: [: 0
0: integer expression expected

=== CHECK #17 - 22:23:53 ===
Job State: RUNNING (16m 0s)
Tasks: RUNNING=75, SUCCEEDED=0
0, FAILED=0
0, PENDING=0
0 (Total: 75)
Results: None yet
./monitor_option8_static.sh: line 84: [: 0
0: integer expression expected

=== CHECK #18 - 22:24:58 ===
Job State: RUNNING (17m 5s)
Tasks: RUNNING=44, SUCCEEDED=31, FAILED=0
0, PENDING=0
0 (Total: 75)
Results: 39/75 years completed
Years: 2029-2100
Cumulative 10-year impact (2026-2035): $+154.89B
Total impact so far: $+10653.91B
./monitor_option8_static.sh: line 84: [: 0
0: integer expression expected

=== CHECK #19 - 22:26:06 ===
Job State: RUNNING (18m 13s)
Tasks: RUNNING=6, SUCCEEDED=69, FAILED=0
0, PENDING=0
0 (Total: 75)
Results: 71/75 years completed
Years: 2028-2100
Cumulative 10-year impact (2026-2035): $+611.20B
Total impact so far: $+16767.77B
./monitor_option8_static.sh: line 84: [: 0
0: integer expression expected

=== CHECK #20 - 22:27:15 ===
Job State: RUNNING (19m 22s)
Tasks: RUNNING=2, SUCCEEDED=73, FAILED=0
0, PENDING=0
0 (Total: 75)
Results: 73/75 years completed
Years: 2028-2100
Cumulative 10-year impact (2026-2035): $+611.20B
Total impact so far: $+17145.35B
./monitor_option8_static.sh: line 84: [: 0
0: integer expression expected

=== CHECK #21 - 22:28:25 ===
Job State: RUNNING (20m 32s)
Tasks: RUNNING=2, SUCCEEDED=73, FAILED=0
0, PENDING=0
0 (Total: 75)
