================================================================================
MONITORING OPTION8 DYNAMIC - 75 YEARS (2026-2100)
================================================================================
Job ID: years-20251031-215026-9kgdz6
Region: us-central1
Reform: option8
Scoring: DYNAMIC (with CBO labor supply elasticities)
================================================================================

=== CHECK #1 - 22:02:57 ===
Job State: RUNNING (11m 2s)
Tasks: RUNNING=74, SUCCEEDED=0
0, FAILED=0
0, PENDING=1 (Total: 75)
Results: None yet
./monitor_option8_dynamic.sh: line 84: [: 0
0: integer expression expected

=== CHECK #2 - 22:04:03 ===
Job State: RUNNING (12m 7s)
Tasks: RUNNING=74, SUCCEEDED=0
0, FAILED=0
0, PENDING=1 (Total: 75)
Results: None yet
./monitor_option8_dynamic.sh: line 84: [: 0
0: integer expression expected

=== CHECK #3 - 22:05:08 ===
Job State: RUNNING (13m 12s)
Tasks: RUNNING=75, SUCCEEDED=0
0, FAILED=0
0, PENDING=0
0 (Total: 75)
Results: None yet
./monitor_option8_dynamic.sh: line 84: [: 0
0: integer expression expected

=== CHECK #4 - 22:06:13 ===
Job State: RUNNING (14m 18s)
Tasks: RUNNING=75, SUCCEEDED=0
0, FAILED=0
0, PENDING=0
0 (Total: 75)
Results: None yet
./monitor_option8_dynamic.sh: line 84: [: 0
0: integer expression expected

=== CHECK #5 - 22:07:20 ===
Job State: RUNNING (15m 24s)
Tasks: RUNNING=75, SUCCEEDED=0
0, FAILED=0
0, PENDING=0
0 (Total: 75)
Results: None yet
./monitor_option8_dynamic.sh: line 84: [: 0
0: integer expression expected

=== CHECK #6 - 22:08:25 ===
Job State: RUNNING (16m 29s)
Tasks: RUNNING=64, SUCCEEDED=11, FAILED=0
0, PENDING=0
0 (Total: 75)
Results: 20/75 years completed
Years: 2030-2098
Cumulative 10-year impact (2026-2035): $+155.10B
Total impact so far: $+5582.53B
./monitor_option8_dynamic.sh: line 84: [: 0
0: integer expression expected

=== CHECK #7 - 22:09:31 ===
Job State: RUNNING (17m 36s)
Tasks: RUNNING=7, SUCCEEDED=68, FAILED=0
0, PENDING=0
0 (Total: 75)
Results: 69/75 years completed
Years: 2028-2100
Cumulative 10-year impact (2026-2035): $+615.73B
Total impact so far: $+16345.36B
./monitor_option8_dynamic.sh: line 84: [: 0
0: integer expression expected

=== CHECK #8 - 22:10:41 ===
Job State: RUNNING (18m 45s)
Tasks: RUNNING=4, SUCCEEDED=71, FAILED=0
0, PENDING=0
0 (Total: 75)
Results: 71/75 years completed
Years: 2028-2100
Cumulative 10-year impact (2026-2035): $+615.73B
Total impact so far: $+16585.26B
./monitor_option8_dynamic.sh: line 84: [: 0
0: integer expression expected

=== CHECK #9 - 22:11:52 ===
Job State: RUNNING (19m 56s)
Tasks: RUNNING=2, SUCCEEDED=73, FAILED=0
0, PENDING=0
0 (Total: 75)
Results: 73/75 years completed
Years: 2028-2100
Cumulative 10-year impact (2026-2035): $+615.73B
Total impact so far: $+17206.66B
./monitor_option8_dynamic.sh: line 84: [: 0
0: integer expression expected

=== CHECK #10 - 22:13:01 ===
Job State: DELETION_IN_PROGRESS (21m 6s)
Tasks: RUNNING=2, SUCCEEDED=73, FAILED=0
0, PENDING=0
0 (Total: 75)
Results: 73/75 years completed
Years: 2028-2100
Cumulative 10-year impact (2026-2035): $+615.73B
Total impact so far: $+17206.66B
./monitor_option8_dynamic.sh: line 84: [: 0
0: integer expression expected

=== CHECK #11 - 22:14:11 ===
Job State: DELETION_IN_PROGRESS (22m 16s)
Tasks: RUNNING=2, SUCCEEDED=73, FAILED=0
0, PENDING=0
0 (Total: 75)
Results: 73/75 years completed
Years: 2028-2100
Cumulative 10-year impact (2026-2035): $+615.73B
Total impact so far: $+17206.66B
./monitor_option8_dynamic.sh: line 84: [: 0
0: integer expression expected

=== CHECK #12 - 22:15:21 ===
Job State: 
Tasks: RUNNING=0
0, SUCCEEDED=0
0, FAILED=0
0, PENDING=0
0 (Total: 75)
Results: 73/75 years completed
Years: 2028-2100
Cumulative 10-year impact (2026-2035): $+615.73B
Total impact so far: $+17206.66B
./monitor_option8_dynamic.sh: line 84: [: 0
0: integer expression expected

=== CHECK #13 - 22:16:31 ===
Job State: 
Tasks: RUNNING=0
0, SUCCEEDED=0
0, FAILED=0
0, PENDING=0
0 (Total: 75)
Results: 73/75 years completed
Years: 2028-2100
Cumulative 10-year impact (2026-2035): $+615.73B
Total impact so far: $+17206.66B
./monitor_option8_dynamic.sh: line 84: [: 0
0: integer expression expected

=== CHECK #14 - 22:17:41 ===
Job State: 
Tasks: RUNNING=0
0, SUCCEEDED=0
0, FAILED=0
0, PENDING=0
0 (Total: 75)
Results: 73/75 years completed
Years: 2028-2100
Cumulative 10-year impact (2026-2035): $+615.73B
Total impact so far: $+17206.66B
./monitor_option8_dynamic.sh: line 84: [: 0
0: integer expression expected

=== CHECK #15 - 22:18:50 ===
Job State: 
Tasks: RUNNING=0
0, SUCCEEDED=0
0, FAILED=0
0, PENDING=0
0 (Total: 75)
Results: 73/75 years completed
Years: 2028-2100
Cumulative 10-year impact (2026-2035): $+615.73B
Total impact so far: $+17206.66B
./monitor_option8_dynamic.sh: line 84: [: 0
0: integer expression expected

=== CHECK #16 - 22:20:00 ===
Job State: 
Tasks: RUNNING=0
0, SUCCEEDED=0
0, FAILED=0
0, PENDING=0
0 (Total: 75)
Results: 73/75 years completed
Years: 2028-2100
Cumulative 10-year impact (2026-2035): $+615.73B
Total impact so far: $+17206.66B
./monitor_option8_dynamic.sh: line 84: [: 0
0: integer expression expected

=== CHECK #17 - 22:21:10 ===
Job State: 
Tasks: RUNNING=0
0, SUCCEEDED=0
0, FAILED=0
0, PENDING=0
0 (Total: 75)
Results: 73/75 years completed
Years: 2028-2100
Cumulative 10-year impact (2026-2035): $+615.73B
Total impact so far: $+17206.66B
./monitor_option8_dynamic.sh: line 84: [: 0
0: integer expression expected

=== CHECK #18 - 22:22:19 ===
Job State: 
Tasks: RUNNING=0
0, SUCCEEDED=0
0, FAILED=0
0, PENDING=0
0 (Total: 75)
Results: 73/75 years completed
Years: 2028-2100
Cumulative 10-year impact (2026-2035): $+615.73B
Total impact so far: $+17206.66B
./monitor_option8_dynamic.sh: line 84: [: 0
0: integer expression expected

=== CHECK #19 - 22:23:29 ===
Job State: 
Tasks: RUNNING=0
0, SUCCEEDED=0
0, FAILED=0
0, PENDING=0
0 (Total: 75)
Results: 73/75 years completed
Years: 2028-2100
Cumulative 10-year impact (2026-2035): $+615.73B
Total impact so far: $+17206.66B
./monitor_option8_dynamic.sh: line 84: [: 0
0: integer expression expected

=== CHECK #20 - 22:24:38 ===
Job State: 
Tasks: RUNNING=0
0, SUCCEEDED=0
0, FAILED=0
0, PENDING=0
0 (Total: 75)
Results: 73/75 years completed
Years: 2028-2100
Cumulative 10-year impact (2026-2035): $+615.73B
Total impact so far: $+17206.66B
./monitor_option8_dynamic.sh: line 84: [: 0
0: integer expression expected

=== CHECK #21 - 22:25:48 ===
Job State: 
Tasks: RUNNING=0
0, SUCCEEDED=0
0, FAILED=0
0, PENDING=0
0 (Total: 75)
Results: 73/75 years completed
Years: 2028-2100
Cumulative 10-year impact (2026-2035): $+615.73B
Total impact so far: $+17206.66B
./monitor_option8_dynamic.sh: line 84: [: 0
0: integer expression expected

=== CHECK #22 - 22:26:58 ===
Job State: 
Tasks: RUNNING=0
0, SUCCEEDED=0
0, FAILED=0
0, PENDING=0
0 (Total: 75)
Results: 73/75 years completed
Years: 2028-2100
Cumulative 10-year impact (2026-2035): $+615.73B
Total impact so far: $+17206.66B
./monitor_option8_dynamic.sh: line 84: [: 0
0: integer expression expected

=== CHECK #23 - 22:28:10 ===
Job State: 
Tasks: RUNNING=0
0, SUCCEEDED=0
0, FAILED=0
0, PENDING=0
0 (Total: 75)
Results: 73/75 years completed
Years: 2028-2100
Cumulative 10-year impact (2026-2035): $+615.73B
Total impact so far: $+17206.66B
./monitor_option8_dynamic.sh: line 84: [: 0
0: integer expression expected

