================================================================================
MONITORING OPTION5 - 75 YEARS (2026-2100)
================================================================================
Job ID: years-20251031-202546-z7qj1r
Region: us-central1
Reform: option5 (Eliminate cap on SS taxable maximum)
Years: 75 (2026-2100)
Scoring: static
================================================================================

=== CHECK #1 - 20:26:30 ===
Job State: SCHEDULED (0m 0s)
Tasks: RUNNING=0
0, SUCCEEDED=0
0, FAILED=0
0, PENDING=75 (Total: 75)
Results: None yet (waiting for first task to complete)
./monitor_option5.sh: line 87: [: 0
0: integer expression expected

=== CHECK #2 - 20:27:36 ===
Job State: SCHEDULED (0m 0s)
Tasks: RUNNING=0
0, SUCCEEDED=0
0, FAILED=0
0, PENDING=75 (Total: 75)
Results: None yet (waiting for first task to complete)
./monitor_option5.sh: line 87: [: 0
0: integer expression expected

=== CHECK #3 - 20:28:41 ===
Job State: RUNNING (1m 23s)
Tasks: RUNNING=75, SUCCEEDED=0
0, FAILED=0
0, PENDING=0
0 (Total: 75)
Results: None yet (waiting for first task to complete)
./monitor_option5.sh: line 87: [: 0
0: integer expression expected

=== CHECK #4 - 20:29:46 ===
Job State: RUNNING (2m 28s)
Tasks: RUNNING=75, SUCCEEDED=0
0, FAILED=0
0, PENDING=0
0 (Total: 75)
Results: None yet (waiting for first task to complete)
./monitor_option5.sh: line 87: [: 0
0: integer expression expected

=== CHECK #5 - 20:30:52 ===
Job State: RUNNING (3m 33s)
Tasks: RUNNING=75, SUCCEEDED=0
0, FAILED=0
0, PENDING=0
0 (Total: 75)
Results: None yet (waiting for first task to complete)
./monitor_option5.sh: line 87: [: 0
0: integer expression expected

=== CHECK #6 - 20:31:57 ===
Job State: RUNNING (4m 39s)
Tasks: RUNNING=75, SUCCEEDED=0
0, FAILED=0
0, PENDING=0
0 (Total: 75)
Results: None yet (waiting for first task to complete)
./monitor_option5.sh: line 87: [: 0
0: integer expression expected

=== CHECK #7 - 20:33:03 ===
Job State: RUNNING (5m 45s)
Tasks: RUNNING=75, SUCCEEDED=0
0, FAILED=0
0, PENDING=0
0 (Total: 75)
Results: None yet (waiting for first task to complete)
./monitor_option5.sh: line 87: [: 0
0: integer expression expected

=== CHECK #8 - 20:34:09 ===
Job State: RUNNING (6m 50s)
Tasks: RUNNING=75, SUCCEEDED=0
0, FAILED=0
0, PENDING=0
0 (Total: 75)
Results: None yet (waiting for first task to complete)
./monitor_option5.sh: line 87: [: 0
0: integer expression expected

=== CHECK #9 - 20:35:14 ===
Job State: RUNNING (7m 56s)
Tasks: RUNNING=75, SUCCEEDED=0
0, FAILED=0
0, PENDING=0
0 (Total: 75)
Results: None yet (waiting for first task to complete)
./monitor_option5.sh: line 87: [: 0
0: integer expression expected

=== CHECK #10 - 20:36:19 ===
Job State: RUNNING (9m 1s)
Tasks: RUNNING=75, SUCCEEDED=0
0, FAILED=0
0, PENDING=0
0 (Total: 75)
Results: None yet (waiting for first task to complete)
./monitor_option5.sh: line 87: [: 0
0: integer expression expected

=== CHECK #11 - 20:37:24 ===
Job State: RUNNING (10m 6s)
Tasks: RUNNING=75, SUCCEEDED=0
0, FAILED=0
0, PENDING=0
0 (Total: 75)
Results: None yet (waiting for first task to complete)
./monitor_option5.sh: line 87: [: 0
0: integer expression expected

=== CHECK #12 - 20:38:29 ===
Job State: RUNNING (11m 11s)
Tasks: RUNNING=73, SUCCEEDED=0
0, FAILED=0
0, PENDING=2 (Total: 75)
Results: None yet (waiting for first task to complete)
./monitor_option5.sh: line 87: [: 0
0: integer expression expected

=== CHECK #13 - 20:39:35 ===
Job State: RUNNING (12m 17s)
Tasks: RUNNING=75, SUCCEEDED=0
0, FAILED=0
0, PENDING=0
0 (Total: 75)
Results: None yet (waiting for first task to complete)
./monitor_option5.sh: line 87: [: 0
0: integer expression expected

=== CHECK #14 - 20:40:41 ===
Job State: RUNNING (13m 22s)
Tasks: RUNNING=75, SUCCEEDED=0
0, FAILED=0
0, PENDING=0
0 (Total: 75)
Results: None yet (waiting for first task to complete)
./monitor_option5.sh: line 87: [: 0
0: integer expression expected

=== CHECK #15 - 20:41:45 ===
Job State: RUNNING (14m 27s)
Tasks: RUNNING=75, SUCCEEDED=0
0, FAILED=0
0, PENDING=0
0 (Total: 75)
Results: None yet (waiting for first task to complete)
./monitor_option5.sh: line 87: [: 0
0: integer expression expected

=== CHECK #16 - 20:42:51 ===
Job State: RUNNING (15m 33s)
Tasks: RUNNING=75, SUCCEEDED=0
0, FAILED=0
0, PENDING=0
0 (Total: 75)
Results: None yet (waiting for first task to complete)
./monitor_option5.sh: line 87: [: 0
0: integer expression expected

=== CHECK #17 - 20:43:56 ===
Job State: RUNNING (16m 38s)
Tasks: RUNNING=72, SUCCEEDED=3, FAILED=0
0, PENDING=0
0 (Total: 75)
Results: 20/75 years completed
Years: 2033-2100
Cumulative 10-year impact (2026-2035): $+65.45B
Total 75-year impact: $-2705.86B
./monitor_option5.sh: line 87: [: 0
0: integer expression expected

=== CHECK #18 - 20:45:04 ===
Job State: RUNNING (17m 47s)
Tasks: RUNNING=5, SUCCEEDED=70, FAILED=0
0, PENDING=0
0 (Total: 75)
Results: 71/75 years completed
Years: 2028-2100
Cumulative 10-year impact (2026-2035): $+440.64B
Total 75-year impact: $-7468.46B
./monitor_option5.sh: line 87: [: 0
0: integer expression expected

=== CHECK #19 - 20:46:17 ===
Job State: RUNNING (18m 59s)
Tasks: RUNNING=2, SUCCEEDED=73, FAILED=0
0, PENDING=0
0 (Total: 75)
Results: 73/75 years completed
Years: 2028-2100
Cumulative 10-year impact (2026-2035): $+501.78B
Total 75-year impact: $-7630.24B
./monitor_option5.sh: line 87: [: 0
0: integer expression expected

=== CHECK #20 - 20:47:28 ===
Job State: RUNNING (20m 10s)
Tasks: RUNNING=2, SUCCEEDED=73, FAILED=0
0, PENDING=0
0 (Total: 75)
Results: 73/75 years completed
Years: 2028-2100
Cumulative 10-year impact (2026-2035): $+501.78B
Total 75-year impact: $-7630.24B
./monitor_option5.sh: line 87: [: 0
0: integer expression expected

=== CHECK #21 - 20:48:40 ===
Job State: RUNNING (21m 21s)
Tasks: RUNNING=2, SUCCEEDED=73, FAILED=0
0, PENDING=0
0 (Total: 75)
Results: 73/75 years completed
Years: 2028-2100
Cumulative 10-year impact (2026-2035): $+501.78B
Total 75-year impact: $-7630.24B
./monitor_option5.sh: line 87: [: 0
0: integer expression expected

=== CHECK #22 - 20:49:51 ===
Job State: RUNNING (22m 12s)
Tasks: RUNNING=0
0, SUCCEEDED=73, FAILED=2, PENDING=0
0 (Total: 75)
Results: 73/75 years completed
Years: 2028-2100
Cumulative 10-year impact (2026-2035): $+501.78B
Total 75-year impact: $-7630.24B

⚠️  WARNING: 2 tasks have failed
Checking logs for failures...

=== CHECK #23 - 20:51:03 ===
Job State: FAILED (22m 12s)
Tasks: RUNNING=0
0, SUCCEEDED=73, FAILED=2, PENDING=0
0 (Total: 75)
Results: 73/75 years completed
Years: 2028-2100
Cumulative 10-year impact (2026-2035): $+501.78B
Total 75-year impact: $-7630.24B

⚠️  WARNING: 2 tasks have failed
Checking logs for failures...

================================================================================
❌ JOB FAILED
================================================================================
Succeeded: 73/75 years
Failed: 2/75 years

Partial results saved to: results/option5_75years/all_results.csv
================================================================================

Monitoring session ended at Fri Oct 31 20:51:15 JST 2025
