================================================================================
MONITORING OPTION2 DYNAMIC - 75 YEARS (2026-2100)
================================================================================
Job ID: years-20251031-204634-ftq0lr
Region: us-central1
Reform: option2 (85% SS benefit taxation)
Scoring: DYNAMIC (with CBO labor supply elasticities)
================================================================================

=== CHECK #1 - 20:48:09 ===
Job State: SCHEDULED (0m 0s)
Tasks: RUNNING=0
0, SUCCEEDED=0
0, FAILED=0
0, PENDING=75 (Total: 75)
Results: None yet
./monitor_option2_dynamic.sh: line 73: [: 0
0: integer expression expected

=== CHECK #2 - 20:49:15 ===
Job State: RUNNING (1m 9s)
Tasks: RUNNING=75, SUCCEEDED=0
0, FAILED=0
0, PENDING=0
0 (Total: 75)
Results: None yet
./monitor_option2_dynamic.sh: line 73: [: 0
0: integer expression expected

=== CHECK #3 - 20:50:21 ===
Job State: RUNNING (2m 14s)
Tasks: RUNNING=75, SUCCEEDED=0
0, FAILED=0
0, PENDING=0
0 (Total: 75)
Results: None yet
./monitor_option2_dynamic.sh: line 73: [: 0
0: integer expression expected

=== CHECK #4 - 20:51:26 ===
Job State: RUNNING (3m 20s)
Tasks: RUNNING=75, SUCCEEDED=0
0, FAILED=0
0, PENDING=0
0 (Total: 75)
Results: None yet
./monitor_option2_dynamic.sh: line 73: [: 0
0: integer expression expected

=== CHECK #5 - 20:52:32 ===
Job State: RUNNING (4m 26s)
Tasks: RUNNING=75, SUCCEEDED=0
0, FAILED=0
0, PENDING=0
0 (Total: 75)
Results: None yet
./monitor_option2_dynamic.sh: line 73: [: 0
0: integer expression expected

=== CHECK #6 - 20:53:37 ===
Job State: RUNNING (5m 31s)
Tasks: RUNNING=75, SUCCEEDED=0
0, FAILED=0
0, PENDING=0
0 (Total: 75)
Results: None yet
./monitor_option2_dynamic.sh: line 73: [: 0
0: integer expression expected

=== CHECK #7 - 20:54:42 ===
Job State: RUNNING (6m 36s)
Tasks: RUNNING=75, SUCCEEDED=0
0, FAILED=0
0, PENDING=0
0 (Total: 75)
Results: None yet
./monitor_option2_dynamic.sh: line 73: [: 0
0: integer expression expected

=== CHECK #8 - 20:55:48 ===
Job State: RUNNING (7m 41s)
Tasks: RUNNING=75, SUCCEEDED=0
0, FAILED=0
0, PENDING=0
0 (Total: 75)
Results: None yet
./monitor_option2_dynamic.sh: line 73: [: 0
0: integer expression expected

=== CHECK #9 - 20:56:53 ===
Job State: RUNNING (8m 47s)
Tasks: RUNNING=75, SUCCEEDED=0
0, FAILED=0
0, PENDING=0
0 (Total: 75)
Results: None yet
./monitor_option2_dynamic.sh: line 73: [: 0
0: integer expression expected

=== CHECK #10 - 20:57:58 ===
Job State: RUNNING (9m 52s)
Tasks: RUNNING=75, SUCCEEDED=0
0, FAILED=0
0, PENDING=0
0 (Total: 75)
Results: None yet
./monitor_option2_dynamic.sh: line 73: [: 0
0: integer expression expected

=== CHECK #11 - 20:59:03 ===
Job State: RUNNING (10m 57s)
Tasks: RUNNING=73, SUCCEEDED=0
0, FAILED=0
0, PENDING=2 (Total: 75)
Results: None yet
./monitor_option2_dynamic.sh: line 73: [: 0
0: integer expression expected

=== CHECK #12 - 21:00:08 ===
Job State: RUNNING (12m 2s)
Tasks: RUNNING=75, SUCCEEDED=0
0, FAILED=0
0, PENDING=0
0 (Total: 75)
Results: None yet
./monitor_option2_dynamic.sh: line 73: [: 0
0: integer expression expected

=== CHECK #13 - 21:01:13 ===
Job State: RUNNING (13m 7s)
Tasks: RUNNING=75, SUCCEEDED=0
0, FAILED=0
0, PENDING=0
0 (Total: 75)
Results: None yet
./monitor_option2_dynamic.sh: line 73: [: 0
0: integer expression expected

=== CHECK #14 - 21:02:21 ===
Job State: RUNNING (14m 14s)
Tasks: RUNNING=75, SUCCEEDED=0
0, FAILED=0
0, PENDING=0
0 (Total: 75)
Results: None yet
./monitor_option2_dynamic.sh: line 73: [: 0
0: integer expression expected

=== CHECK #15 - 21:03:25 ===
Job State: RUNNING (15m 19s)
Tasks: RUNNING=75, SUCCEEDED=0
0, FAILED=0
0, PENDING=0
0 (Total: 75)
Results: None yet
./monitor_option2_dynamic.sh: line 73: [: 0
0: integer expression expected

=== CHECK #16 - 21:04:31 ===
Job State: RUNNING (16m 24s)
Tasks: RUNNING=75, SUCCEEDED=0
0, FAILED=0
0, PENDING=0
0 (Total: 75)
Results: 1/75 years completed
Years: 2100-2100
Cumulative 10-year impact (2026-2035): $+0.00B
Total impact so far: $+323.19B
./monitor_option2_dynamic.sh: line 73: [: 0
0: integer expression expected

=== CHECK #17 - 21:05:37 ===
Job State: RUNNING (17m 30s)
Tasks: RUNNING=11, SUCCEEDED=64, FAILED=0
0, PENDING=0
0 (Total: 75)
Results: 68/75 years completed
Years: 2028-2100
Cumulative 10-year impact (2026-2035): $+219.65B
Total impact so far: $+8564.81B
./monitor_option2_dynamic.sh: line 73: [: 0
0: integer expression expected

=== CHECK #18 - 21:06:47 ===
Job State: RUNNING (18m 40s)
Tasks: RUNNING=2, SUCCEEDED=73, FAILED=0
0, PENDING=0
0 (Total: 75)
Results: 73/75 years completed
Years: 2028-2100
Cumulative 10-year impact (2026-2035): $+298.15B
Total impact so far: $+8994.22B
./monitor_option2_dynamic.sh: line 73: [: 0
0: integer expression expected

=== CHECK #19 - 21:07:57 ===
Job State: RUNNING (19m 51s)
Tasks: RUNNING=2, SUCCEEDED=73, FAILED=0
0, PENDING=0
0 (Total: 75)
Results: 73/75 years completed
Years: 2028-2100
Cumulative 10-year impact (2026-2035): $+298.15B
Total impact so far: $+8994.22B
./monitor_option2_dynamic.sh: line 73: [: 0
0: integer expression expected

=== CHECK #20 - 21:09:07 ===
Job State: RUNNING (21m 1s)
Tasks: RUNNING=2, SUCCEEDED=73, FAILED=0
0, PENDING=0
0 (Total: 75)
Results: 73/75 years completed
Years: 2028-2100
Cumulative 10-year impact (2026-2035): $+298.15B
Total impact so far: $+8994.22B
./monitor_option2_dynamic.sh: line 73: [: 0
0: integer expression expected

=== CHECK #21 - 21:10:18 ===
Job State: DELETION_IN_PROGRESS (22m 12s)
Tasks: RUNNING=0
0, SUCCEEDED=73, FAILED=2, PENDING=0
0 (Total: 75)
Results: 73/75 years completed
Years: 2028-2100
Cumulative 10-year impact (2026-2035): $+298.15B
Total impact so far: $+8994.22B
⚠️  WARNING: 2 tasks failed

=== CHECK #22 - 21:11:29 ===
Job State: 
Tasks: RUNNING=0
0, SUCCEEDED=0
0, FAILED=0
0, PENDING=0
0 (Total: 75)
Results: 73/75 years completed
Years: 2028-2100
Cumulative 10-year impact (2026-2035): $+298.15B
Total impact so far: $+8994.22B
./monitor_option2_dynamic.sh: line 73: [: 0
0: integer expression expected

=== CHECK #23 - 21:12:39 ===
Job State: 
Tasks: RUNNING=0
0, SUCCEEDED=0
0, FAILED=0
0, PENDING=0
0 (Total: 75)
Results: 73/75 years completed
Years: 2028-2100
Cumulative 10-year impact (2026-2035): $+298.15B
Total impact so far: $+8994.22B
./monitor_option2_dynamic.sh: line 73: [: 0
0: integer expression expected

=== CHECK #24 - 21:13:49 ===
Job State: 
Tasks: RUNNING=0
0, SUCCEEDED=0
0, FAILED=0
0, PENDING=0
0 (Total: 75)
Results: 73/75 years completed
Years: 2028-2100
Cumulative 10-year impact (2026-2035): $+298.15B
Total impact so far: $+8994.22B
./monitor_option2_dynamic.sh: line 73: [: 0
0: integer expression expected

=== CHECK #25 - 21:15:00 ===
Job State: 
Tasks: RUNNING=0
0, SUCCEEDED=0
0, FAILED=0
0, PENDING=0
0 (Total: 75)
Results: 73/75 years completed
Years: 2028-2100
Cumulative 10-year impact (2026-2035): $+298.15B
Total impact so far: $+8994.22B
./monitor_option2_dynamic.sh: line 73: [: 0
0: integer expression expected

=== CHECK #26 - 21:16:10 ===
Job State: 
Tasks: RUNNING=0
0, SUCCEEDED=0
0, FAILED=0
0, PENDING=0
0 (Total: 75)
Results: 73/75 years completed
Years: 2028-2100
Cumulative 10-year impact (2026-2035): $+298.15B
Total impact so far: $+8994.22B
./monitor_option2_dynamic.sh: line 73: [: 0
0: integer expression expected

=== CHECK #27 - 21:17:20 ===
Job State: 
Tasks: RUNNING=0
0, SUCCEEDED=0
0, FAILED=0
0, PENDING=0
0 (Total: 75)
Results: 73/75 years completed
Years: 2028-2100
Cumulative 10-year impact (2026-2035): $+298.15B
Total impact so far: $+8994.22B
./monitor_option2_dynamic.sh: line 73: [: 0
0: integer expression expected

=== CHECK #28 - 21:18:30 ===
Job State: 
Tasks: RUNNING=0
0, SUCCEEDED=0
0, FAILED=0
0, PENDING=0
0 (Total: 75)
Results: 73/75 years completed
Years: 2028-2100
Cumulative 10-year impact (2026-2035): $+298.15B
Total impact so far: $+8994.22B
./monitor_option2_dynamic.sh: line 73: [: 0
0: integer expression expected

=== CHECK #29 - 21:19:41 ===
Job State: 
Tasks: RUNNING=0
0, SUCCEEDED=0
0, FAILED=0
0, PENDING=0
0 (Total: 75)
Results: 73/75 years completed
Years: 2028-2100
Cumulative 10-year impact (2026-2035): $+298.15B
Total impact so far: $+8994.22B
./monitor_option2_dynamic.sh: line 73: [: 0
0: integer expression expected

=== CHECK #30 - 21:20:52 ===
Job State: 
Tasks: RUNNING=0
0, SUCCEEDED=0
0, FAILED=0
0, PENDING=0
0 (Total: 75)
Results: 73/75 years completed
Years: 2028-2100
Cumulative 10-year impact (2026-2035): $+298.15B
Total impact so far: $+8994.22B
./monitor_option2_dynamic.sh: line 73: [: 0
0: integer expression expected

=== CHECK #31 - 21:22:04 ===
Job State: 
Tasks: RUNNING=0
0, SUCCEEDED=0
0, FAILED=0
0, PENDING=0
0 (Total: 75)
Results: 73/75 years completed
Years: 2028-2100
Cumulative 10-year impact (2026-2035): $+298.15B
Total impact so far: $+8994.22B
./monitor_option2_dynamic.sh: line 73: [: 0
0: integer expression expected

=== CHECK #32 - 21:23:14 ===
Job State: 
Tasks: RUNNING=0
0, SUCCEEDED=0
0, FAILED=0
0, PENDING=0
0 (Total: 75)
Results: 73/75 years completed
Years: 2028-2100
Cumulative 10-year impact (2026-2035): $+298.15B
Total impact so far: $+8994.22B
./monitor_option2_dynamic.sh: line 73: [: 0
0: integer expression expected

=== CHECK #33 - 21:24:26 ===
Job State: 
Tasks: RUNNING=0
0, SUCCEEDED=0
0, FAILED=0
0, PENDING=0
0 (Total: 75)
Results: 73/75 years completed
Years: 2028-2100
Cumulative 10-year impact (2026-2035): $+298.15B
Total impact so far: $+8994.22B
./monitor_option2_dynamic.sh: line 73: [: 0
0: integer expression expected

=== CHECK #34 - 21:25:35 ===
Job State: 
Tasks: RUNNING=0
0, SUCCEEDED=0
0, FAILED=0
0, PENDING=0
0 (Total: 75)
Results: 73/75 years completed
Years: 2028-2100
Cumulative 10-year impact (2026-2035): $+298.15B
Total impact so far: $+8994.22B
./monitor_option2_dynamic.sh: line 73: [: 0
0: integer expression expected

=== CHECK #35 - 21:26:45 ===
Job State: 
Tasks: RUNNING=0
0, SUCCEEDED=0
0, FAILED=0
0, PENDING=0
0 (Total: 75)
Results: 73/75 years completed
Years: 2028-2100
Cumulative 10-year impact (2026-2035): $+298.15B
Total impact so far: $+8994.22B
./monitor_option2_dynamic.sh: line 73: [: 0
0: integer expression expected

=== CHECK #36 - 21:27:55 ===
Job State: 
Tasks: RUNNING=0
0, SUCCEEDED=0
0, FAILED=0
0, PENDING=0
0 (Total: 75)
Results: 73/75 years completed
Years: 2028-2100
Cumulative 10-year impact (2026-2035): $+298.15B
Total impact so far: $+8994.22B
./monitor_option2_dynamic.sh: line 73: [: 0
0: integer expression expected

=== CHECK #37 - 21:29:07 ===
Job State: 
Tasks: RUNNING=0
0, SUCCEEDED=0
0, FAILED=0
0, PENDING=0
0 (Total: 75)
Results: 73/75 years completed
Years: 2028-2100
Cumulative 10-year impact (2026-2035): $+298.15B
Total impact so far: $+8994.22B
./monitor_option2_dynamic.sh: line 73: [: 0
0: integer expression expected

=== CHECK #38 - 21:30:17 ===
Job State: 
Tasks: RUNNING=0
0, SUCCEEDED=0
0, FAILED=0
0, PENDING=0
0 (Total: 75)
Results: 73/75 years completed
Years: 2028-2100
Cumulative 10-year impact (2026-2035): $+298.15B
Total impact so far: $+8994.22B
./monitor_option2_dynamic.sh: line 73: [: 0
0: integer expression expected

=== CHECK #39 - 21:31:28 ===
Job State: 
Tasks: RUNNING=0
0, SUCCEEDED=0
0, FAILED=0
0, PENDING=0
0 (Total: 75)
Results: 73/75 years completed
Years: 2028-2100
Cumulative 10-year impact (2026-2035): $+298.15B
Total impact so far: $+8994.22B
./monitor_option2_dynamic.sh: line 73: [: 0
0: integer expression expected

=== CHECK #40 - 21:32:39 ===
Job State: 
Tasks: RUNNING=0
0, SUCCEEDED=0
0, FAILED=0
0, PENDING=0
0 (Total: 75)
Results: 73/75 years completed
Years: 2028-2100
Cumulative 10-year impact (2026-2035): $+298.15B
Total impact so far: $+8994.22B
./monitor_option2_dynamic.sh: line 73: [: 0
0: integer expression expected

=== CHECK #41 - 21:33:49 ===
Job State: 
Tasks: RUNNING=0
0, SUCCEEDED=0
0, FAILED=0
0, PENDING=0
0 (Total: 75)
Results: 73/75 years completed
Years: 2028-2100
Cumulative 10-year impact (2026-2035): $+298.15B
Total impact so far: $+8994.22B
./monitor_option2_dynamic.sh: line 73: [: 0
0: integer expression expected

=== CHECK #42 - 21:35:03 ===
Job State: 
Tasks: RUNNING=0
0, SUCCEEDED=0
0, FAILED=0
0, PENDING=0
0 (Total: 75)
Results: 73/75 years completed
Years: 2028-2100
Cumulative 10-year impact (2026-2035): $+298.15B
Total impact so far: $+8994.22B
./monitor_option2_dynamic.sh: line 73: [: 0
0: integer expression expected

=== CHECK #43 - 21:36:13 ===
Job State: 
Tasks: RUNNING=0
0, SUCCEEDED=0
0, FAILED=0
0, PENDING=0
0 (Total: 75)
Results: 73/75 years completed
Years: 2028-2100
Cumulative 10-year impact (2026-2035): $+298.15B
Total impact so far: $+8994.22B
./monitor_option2_dynamic.sh: line 73: [: 0
0: integer expression expected

=== CHECK #44 - 21:37:23 ===
Job State: 
Tasks: RUNNING=0
0, SUCCEEDED=0
0, FAILED=0
0, PENDING=0
0 (Total: 75)
Results: 73/75 years completed
Years: 2028-2100
Cumulative 10-year impact (2026-2035): $+298.15B
Total impact so far: $+8994.22B
./monitor_option2_dynamic.sh: line 73: [: 0
0: integer expression expected

=== CHECK #45 - 21:38:33 ===
Job State: 
Tasks: RUNNING=0
0, SUCCEEDED=0
0, FAILED=0
0, PENDING=0
0 (Total: 75)
Results: 73/75 years completed
Years: 2028-2100
Cumulative 10-year impact (2026-2035): $+298.15B
Total impact so far: $+8994.22B
./monitor_option2_dynamic.sh: line 73: [: 0
0: integer expression expected

=== CHECK #46 - 21:39:43 ===
Job State: 
Tasks: RUNNING=0
0, SUCCEEDED=0
0, FAILED=0
0, PENDING=0
0 (Total: 75)
Results: 73/75 years completed
Years: 2028-2100
Cumulative 10-year impact (2026-2035): $+298.15B
Total impact so far: $+8994.22B
./monitor_option2_dynamic.sh: line 73: [: 0
0: integer expression expected

=== CHECK #47 - 21:40:53 ===
Job State: 
Tasks: RUNNING=0
0, SUCCEEDED=0
0, FAILED=0
0, PENDING=0
0 (Total: 75)
Results: 73/75 years completed
Years: 2028-2100
Cumulative 10-year impact (2026-2035): $+298.15B
Total impact so far: $+8994.22B
./monitor_option2_dynamic.sh: line 73: [: 0
0: integer expression expected

=== CHECK #48 - 21:42:04 ===
Job State: 
Tasks: RUNNING=0
0, SUCCEEDED=0
0, FAILED=0
0, PENDING=0
0 (Total: 75)
Results: 73/75 years completed
Years: 2028-2100
Cumulative 10-year impact (2026-2035): $+298.15B
Total impact so far: $+8994.22B
./monitor_option2_dynamic.sh: line 73: [: 0
0: integer expression expected

=== CHECK #49 - 21:43:14 ===
Job State: 
Tasks: RUNNING=0
0, SUCCEEDED=0
0, FAILED=0
0, PENDING=0
0 (Total: 75)
Results: 73/75 years completed
Years: 2028-2100
Cumulative 10-year impact (2026-2035): $+298.15B
Total impact so far: $+8994.22B
./monitor_option2_dynamic.sh: line 73: [: 0
0: integer expression expected

=== CHECK #50 - 21:44:24 ===
Job State: 
Tasks: RUNNING=0
0, SUCCEEDED=0
0, FAILED=0
0, PENDING=0
0 (Total: 75)
Results: 73/75 years completed
Years: 2028-2100
Cumulative 10-year impact (2026-2035): $+298.15B
Total impact so far: $+8994.22B
./monitor_option2_dynamic.sh: line 73: [: 0
0: integer expression expected

=== CHECK #51 - 21:45:33 ===
Job State: 
Tasks: RUNNING=0
0, SUCCEEDED=0
0, FAILED=0
0, PENDING=0
0 (Total: 75)
Results: 73/75 years completed
Years: 2028-2100
Cumulative 10-year impact (2026-2035): $+298.15B
Total impact so far: $+8994.22B
./monitor_option2_dynamic.sh: line 73: [: 0
0: integer expression expected

=== CHECK #52 - 21:46:43 ===
Job State: 
Tasks: RUNNING=0
0, SUCCEEDED=0
0, FAILED=0
0, PENDING=0
0 (Total: 75)
Results: 73/75 years completed
Years: 2028-2100
Cumulative 10-year impact (2026-2035): $+298.15B
Total impact so far: $+8994.22B
./monitor_option2_dynamic.sh: line 73: [: 0
0: integer expression expected

=== CHECK #53 - 21:47:54 ===
Job State: 
Tasks: RUNNING=0
0, SUCCEEDED=0
0, FAILED=0
0, PENDING=0
0 (Total: 75)
Results: 73/75 years completed
Years: 2028-2100
Cumulative 10-year impact (2026-2035): $+298.15B
Total impact so far: $+8994.22B
./monitor_option2_dynamic.sh: line 73: [: 0
0: integer expression expected

=== CHECK #54 - 21:49:05 ===
Job State: 
Tasks: RUNNING=0
0, SUCCEEDED=0
0, FAILED=0
0, PENDING=0
0 (Total: 75)
Results: 73/75 years completed
Years: 2028-2100
Cumulative 10-year impact (2026-2035): $+298.15B
Total impact so far: $+8994.22B
./monitor_option2_dynamic.sh: line 73: [: 0
0: integer expression expected

=== CHECK #55 - 21:50:15 ===
Job State: 
Tasks: RUNNING=0
0, SUCCEEDED=0
0, FAILED=0
0, PENDING=0
0 (Total: 75)
Results: 73/75 years completed
Years: 2028-2100
Cumulative 10-year impact (2026-2035): $+298.15B
Total impact so far: $+8994.22B
./monitor_option2_dynamic.sh: line 73: [: 0
0: integer expression expected

=== CHECK #56 - 21:51:30 ===
Job State: 
Tasks: RUNNING=0
0, SUCCEEDED=0
0, FAILED=0
0, PENDING=0
0 (Total: 75)
Results: 73/75 years completed
Years: 2028-2100
Cumulative 10-year impact (2026-2035): $+298.15B
Total impact so far: $+8994.22B
./monitor_option2_dynamic.sh: line 73: [: 0
0: integer expression expected

=== CHECK #57 - 21:52:40 ===
Job State: 
Tasks: RUNNING=0
0, SUCCEEDED=0
0, FAILED=0
0, PENDING=0
0 (Total: 75)
Results: 73/75 years completed
Years: 2028-2100
Cumulative 10-year impact (2026-2035): $+298.15B
Total impact so far: $+8994.22B
./monitor_option2_dynamic.sh: line 73: [: 0
0: integer expression expected

=== CHECK #58 - 21:53:49 ===
Job State: 
Tasks: RUNNING=0
0, SUCCEEDED=0
0, FAILED=0
0, PENDING=0
0 (Total: 75)
Results: 73/75 years completed
Years: 2028-2100
Cumulative 10-year impact (2026-2035): $+298.15B
Total impact so far: $+8994.22B
./monitor_option2_dynamic.sh: line 73: [: 0
0: integer expression expected

=== CHECK #59 - 21:54:59 ===
Job State: 
Tasks: RUNNING=0
0, SUCCEEDED=0
0, FAILED=0
0, PENDING=0
0 (Total: 75)
Results: 73/75 years completed
Years: 2028-2100
Cumulative 10-year impact (2026-2035): $+298.15B
Total impact so far: $+8994.22B
./monitor_option2_dynamic.sh: line 73: [: 0
0: integer expression expected

=== CHECK #60 - 21:56:09 ===
Job State: 
Tasks: RUNNING=0
0, SUCCEEDED=0
0, FAILED=0
0, PENDING=0
0 (Total: 75)
Results: 73/75 years completed
Years: 2028-2100
Cumulative 10-year impact (2026-2035): $+298.15B
Total impact so far: $+8994.22B
./monitor_option2_dynamic.sh: line 73: [: 0
0: integer expression expected

=== CHECK #61 - 21:57:19 ===
Job State: 
Tasks: RUNNING=0
0, SUCCEEDED=0
0, FAILED=0
0, PENDING=0
0 (Total: 75)
Results: 73/75 years completed
Years: 2028-2100
Cumulative 10-year impact (2026-2035): $+298.15B
Total impact so far: $+8994.22B
./monitor_option2_dynamic.sh: line 73: [: 0
0: integer expression expected

=== CHECK #62 - 21:58:31 ===
Job State: 
Tasks: RUNNING=0
0, SUCCEEDED=0
0, FAILED=0
0, PENDING=0
0 (Total: 75)
Results: 73/75 years completed
Years: 2028-2100
Cumulative 10-year impact (2026-2035): $+298.15B
Total impact so far: $+8994.22B
./monitor_option2_dynamic.sh: line 73: [: 0
0: integer expression expected

=== CHECK #63 - 21:59:43 ===
Job State: 
Tasks: RUNNING=0
0, SUCCEEDED=0
0, FAILED=0
0, PENDING=0
0 (Total: 75)
Results: 73/75 years completed
Years: 2028-2100
Cumulative 10-year impact (2026-2035): $+298.15B
Total impact so far: $+8994.22B
./monitor_option2_dynamic.sh: line 73: [: 0
0: integer expression expected

=== CHECK #64 - 22:01:00 ===
