================================================================================
MONITORING OPTION7 DYNAMIC - 75 YEARS (2026-2100)
================================================================================
Job ID: years-20251031-214057-kvhhbw
Region: us-central1
Reform: option7
Scoring: DYNAMIC (with CBO labor supply elasticities)
================================================================================

=== CHECK #1 - 22:02:57 ===
Job State: RUNNING (20m 33s)
Tasks: RUNNING=2, SUCCEEDED=73, FAILED=0
0, PENDING=0
0 (Total: 75)
Results: 73/75 years completed
Years: 2028-2100
Cumulative 10-year impact (2026-2035): $+24.31B
Total impact so far: $+24.31B
./monitor_option7_dynamic.sh: line 84: [: 0
0: integer expression expected

=== CHECK #2 - 22:04:08 ===
Job State: RUNNING (21m 43s)
Tasks: RUNNING=2, SUCCEEDED=73, FAILED=0
0, PENDING=0
0 (Total: 75)
Results: 73/75 years completed
Years: 2028-2100
Cumulative 10-year impact (2026-2035): $+24.31B
Total impact so far: $+24.31B
./monitor_option7_dynamic.sh: line 84: [: 0
0: integer expression expected

=== CHECK #3 - 22:05:19 ===
Job State: RUNNING (22m 54s)
Tasks: RUNNING=1, SUCCEEDED=73, FAILED=1, PENDING=0
0 (Total: 75)
Results: 73/75 years completed
Years: 2028-2100
Cumulative 10-year impact (2026-2035): $+24.31B
Total impact so far: $+24.31B
⚠️  WARNING: 1 tasks failed

=== CHECK #4 - 22:06:29 ===
Job State: DELETION_IN_PROGRESS (24m 4s)
Tasks: RUNNING=1, SUCCEEDED=73, FAILED=1, PENDING=0
0 (Total: 75)
Results: 73/75 years completed
Years: 2028-2100
Cumulative 10-year impact (2026-2035): $+24.31B
Total impact so far: $+24.31B
⚠️  WARNING: 1 tasks failed

=== CHECK #5 - 22:07:40 ===
Job State: 
Tasks: RUNNING=0
0, SUCCEEDED=0
0, FAILED=0
0, PENDING=0
0 (Total: 75)
Results: 73/75 years completed
Years: 2028-2100
Cumulative 10-year impact (2026-2035): $+24.31B
Total impact so far: $+24.31B
./monitor_option7_dynamic.sh: line 84: [: 0
0: integer expression expected

=== CHECK #6 - 22:08:49 ===
Job State: 
Tasks: RUNNING=0
0, SUCCEEDED=0
0, FAILED=0
0, PENDING=0
0 (Total: 75)
Results: 73/75 years completed
Years: 2028-2100
Cumulative 10-year impact (2026-2035): $+24.31B
Total impact so far: $+24.31B
./monitor_option7_dynamic.sh: line 84: [: 0
0: integer expression expected

=== CHECK #7 - 22:09:58 ===
Job State: 
Tasks: RUNNING=0
0, SUCCEEDED=0
0, FAILED=0
0, PENDING=0
0 (Total: 75)
Results: 73/75 years completed
Years: 2028-2100
Cumulative 10-year impact (2026-2035): $+24.31B
Total impact so far: $+24.31B
./monitor_option7_dynamic.sh: line 84: [: 0
0: integer expression expected

=== CHECK #8 - 22:11:08 ===
Job State: 
Tasks: RUNNING=0
0, SUCCEEDED=0
0, FAILED=0
0, PENDING=0
0 (Total: 75)
Results: 73/75 years completed
Years: 2028-2100
Cumulative 10-year impact (2026-2035): $+24.31B
Total impact so far: $+24.31B
./monitor_option7_dynamic.sh: line 84: [: 0
0: integer expression expected

=== CHECK #9 - 22:12:17 ===
Job State: 
Tasks: RUNNING=0
0, SUCCEEDED=0
0, FAILED=0
0, PENDING=0
0 (Total: 75)
Results: 73/75 years completed
Years: 2028-2100
Cumulative 10-year impact (2026-2035): $+24.31B
Total impact so far: $+24.31B
./monitor_option7_dynamic.sh: line 84: [: 0
0: integer expression expected

=== CHECK #10 - 22:13:27 ===
Job State: 
Tasks: RUNNING=0
0, SUCCEEDED=0
0, FAILED=0
0, PENDING=0
0 (Total: 75)
Results: 73/75 years completed
Years: 2028-2100
Cumulative 10-year impact (2026-2035): $+24.31B
Total impact so far: $+24.31B
./monitor_option7_dynamic.sh: line 84: [: 0
0: integer expression expected

=== CHECK #11 - 22:14:37 ===
Job State: 
Tasks: RUNNING=0
0, SUCCEEDED=0
0, FAILED=0
0, PENDING=0
0 (Total: 75)
Results: 73/75 years completed
Years: 2028-2100
Cumulative 10-year impact (2026-2035): $+24.31B
Total impact so far: $+24.31B
./monitor_option7_dynamic.sh: line 84: [: 0
0: integer expression expected

=== CHECK #12 - 22:15:47 ===
Job State: 
Tasks: RUNNING=0
0, SUCCEEDED=0
0, FAILED=0
0, PENDING=0
0 (Total: 75)
Results: 73/75 years completed
Years: 2028-2100
Cumulative 10-year impact (2026-2035): $+24.31B
Total impact so far: $+24.31B
./monitor_option7_dynamic.sh: line 84: [: 0
0: integer expression expected

=== CHECK #13 - 22:16:56 ===
Job State: 
Tasks: RUNNING=0
0, SUCCEEDED=0
0, FAILED=0
0, PENDING=0
0 (Total: 75)
Results: 73/75 years completed
Years: 2028-2100
Cumulative 10-year impact (2026-2035): $+24.31B
Total impact so far: $+24.31B
./monitor_option7_dynamic.sh: line 84: [: 0
0: integer expression expected

=== CHECK #14 - 22:18:06 ===
Job State: 
Tasks: RUNNING=0
0, SUCCEEDED=0
0, FAILED=0
0, PENDING=0
0 (Total: 75)
Results: 73/75 years completed
Years: 2028-2100
Cumulative 10-year impact (2026-2035): $+24.31B
Total impact so far: $+24.31B
./monitor_option7_dynamic.sh: line 84: [: 0
0: integer expression expected

=== CHECK #15 - 22:19:16 ===
Job State: 
Tasks: RUNNING=0
0, SUCCEEDED=0
0, FAILED=0
0, PENDING=0
0 (Total: 75)
Results: 73/75 years completed
Years: 2028-2100
Cumulative 10-year impact (2026-2035): $+24.31B
Total impact so far: $+24.31B
./monitor_option7_dynamic.sh: line 84: [: 0
0: integer expression expected

=== CHECK #16 - 22:20:25 ===
Job State: 
Tasks: RUNNING=0
0, SUCCEEDED=0
0, FAILED=0
0, PENDING=0
0 (Total: 75)
Results: 73/75 years completed
Years: 2028-2100
Cumulative 10-year impact (2026-2035): $+24.31B
Total impact so far: $+24.31B
./monitor_option7_dynamic.sh: line 84: [: 0
0: integer expression expected

=== CHECK #17 - 22:21:35 ===
Job State: 
Tasks: RUNNING=0
0, SUCCEEDED=0
0, FAILED=0
0, PENDING=0
0 (Total: 75)
Results: 73/75 years completed
Years: 2028-2100
Cumulative 10-year impact (2026-2035): $+24.31B
Total impact so far: $+24.31B
./monitor_option7_dynamic.sh: line 84: [: 0
0: integer expression expected

=== CHECK #18 - 22:22:45 ===
Job State: 
Tasks: RUNNING=0
0, SUCCEEDED=0
0, FAILED=0
0, PENDING=0
0 (Total: 75)
Results: 73/75 years completed
Years: 2028-2100
Cumulative 10-year impact (2026-2035): $+24.31B
Total impact so far: $+24.31B
./monitor_option7_dynamic.sh: line 84: [: 0
0: integer expression expected

=== CHECK #19 - 22:23:55 ===
Job State: 
Tasks: RUNNING=0
0, SUCCEEDED=0
0, FAILED=0
0, PENDING=0
0 (Total: 75)
Results: 73/75 years completed
Years: 2028-2100
Cumulative 10-year impact (2026-2035): $+24.31B
Total impact so far: $+24.31B
./monitor_option7_dynamic.sh: line 84: [: 0
0: integer expression expected

=== CHECK #20 - 22:25:05 ===
Job State: 
Tasks: RUNNING=0
0, SUCCEEDED=0
0, FAILED=0
0, PENDING=0
0 (Total: 75)
Results: 73/75 years completed
Years: 2028-2100
Cumulative 10-year impact (2026-2035): $+24.31B
Total impact so far: $+24.31B
./monitor_option7_dynamic.sh: line 84: [: 0
0: integer expression expected

=== CHECK #21 - 22:26:14 ===
Job State: 
Tasks: RUNNING=0
0, SUCCEEDED=0
0, FAILED=0
0, PENDING=0
0 (Total: 75)
Results: 73/75 years completed
Years: 2028-2100
Cumulative 10-year impact (2026-2035): $+24.31B
Total impact so far: $+24.31B
./monitor_option7_dynamic.sh: line 84: [: 0
0: integer expression expected

=== CHECK #22 - 22:27:24 ===
Job State: 
Tasks: RUNNING=0
0, SUCCEEDED=0
0, FAILED=0
0, PENDING=0
0 (Total: 75)
