================================================================================
MONITORING OPTION5 DYNAMIC - 75 YEARS (2026-2100)
================================================================================
Job ID: years-20251031-212600-2l616v
Region: us-central1
Reform: option5 (Eliminate cap on SS taxable maximum)
Scoring: DYNAMIC (with CBO labor supply elasticities)
================================================================================

=== CHECK #1 - 21:26:58 ===
Job State: SCHEDULED (0m 0s)
Tasks: RUNNING=0
0, SUCCEEDED=0
0, FAILED=0
0, PENDING=75 (Total: 75)
Results: None yet
./monitor_option5_dynamic.sh: line 84: [: 0
0: integer expression expected

=== CHECK #2 - 21:28:03 ===
Job State: SCHEDULED (0m 0s)
Tasks: RUNNING=0
0, SUCCEEDED=0
0, FAILED=0
0, PENDING=75 (Total: 75)
Results: None yet
./monitor_option5_dynamic.sh: line 84: [: 0
0: integer expression expected

=== CHECK #3 - 21:29:09 ===
Job State: RUNNING (1m 31s)
Tasks: RUNNING=75, SUCCEEDED=0
0, FAILED=0
0, PENDING=0
0 (Total: 75)
Results: None yet
./monitor_option5_dynamic.sh: line 84: [: 0
0: integer expression expected

=== CHECK #4 - 21:30:14 ===
Job State: RUNNING (2m 36s)
Tasks: RUNNING=75, SUCCEEDED=0
0, FAILED=0
0, PENDING=0
0 (Total: 75)
Results: None yet
./monitor_option5_dynamic.sh: line 84: [: 0
0: integer expression expected

=== CHECK #5 - 21:31:20 ===
Job State: RUNNING (3m 42s)
Tasks: RUNNING=75, SUCCEEDED=0
0, FAILED=0
0, PENDING=0
0 (Total: 75)
